ARM GAS  C:\Users\gopik\AppData\Local\Temp\ccK0bGnX.s 			page 1


   1              		.syntax unified
   2              		.cpu cortex-m3
   3              		.fpu softvfp
   4              		.eabi_attribute 20, 1
   5              		.eabi_attribute 21, 1
   6              		.eabi_attribute 23, 3
   7              		.eabi_attribute 24, 1
   8              		.eabi_attribute 25, 1
   9              		.eabi_attribute 26, 1
  10              		.eabi_attribute 30, 1
  11              		.eabi_attribute 34, 1
  12              		.eabi_attribute 18, 4
  13              		.thumb
  14              		.syntax unified
  15              		.file	"cymetadata.c"
  16              		.text
  17              	.Ltext0:
  18              		.cfi_sections	.debug_frame
  19              		.global	cy_metadata
  20              		.global	cy_meta_flashprotect
  21              		.global	cy_meta_wonvl
  22              		.global	cy_meta_custnvl
  23              		.global	cy_meta_configecc
  24              		.section	.cyconfigecc,"a",%progbits
  25              		.align	2
  26              		.type	cy_meta_configecc, %object
  27              		.size	cy_meta_configecc, 2032
  28              	cy_meta_configecc:
  29 0000 07       		.byte	7
  30 0001 52       		.byte	82
  31 0002 00       		.byte	0
  32 0003 40       		.byte	64
  33 0004 04       		.byte	4
  34 0005 64       		.byte	100
  35 0006 00       		.byte	0
  36 0007 40       		.byte	64
  37 0008 04       		.byte	4
  38 0009 65       		.byte	101
  39 000a 00       		.byte	0
  40 000b 40       		.byte	64
  41 000c 42       		.byte	66
  42 000d 04       		.byte	4
  43 000e 01       		.byte	1
  44 000f 40       		.byte	64
  45 0010 22       		.byte	34
  46 0011 05       		.byte	5
  47 0012 01       		.byte	1
  48 0013 40       		.byte	64
  49 0014 44       		.byte	68
  50 0015 06       		.byte	6
  51 0016 01       		.byte	1
  52 0017 40       		.byte	64
  53 0018 1F       		.byte	31
  54 0019 07       		.byte	7
  55 001a 01       		.byte	1
  56 001b 40       		.byte	64
  57 001c 44       		.byte	68
ARM GAS  C:\Users\gopik\AppData\Local\Temp\ccK0bGnX.s 			page 2


  58 001d 08       		.byte	8
  59 001e 01       		.byte	1
  60 001f 40       		.byte	64
  61 0020 1E       		.byte	30
  62 0021 09       		.byte	9
  63 0022 01       		.byte	1
  64 0023 40       		.byte	64
  65 0024 45       		.byte	69
  66 0025 0A       		.byte	10
  67 0026 01       		.byte	1
  68 0027 40       		.byte	64
  69 0028 25       		.byte	37
  70 0029 0B       		.byte	11
  71 002a 01       		.byte	1
  72 002b 40       		.byte	64
  73 002c 45       		.byte	69
  74 002d 14       		.byte	20
  75 002e 01       		.byte	1
  76 002f 40       		.byte	64
  77 0030 26       		.byte	38
  78 0031 15       		.byte	21
  79 0032 01       		.byte	1
  80 0033 40       		.byte	64
  81 0034 44       		.byte	68
  82 0035 16       		.byte	22
  83 0036 01       		.byte	1
  84 0037 40       		.byte	64
  85 0038 28       		.byte	40
  86 0039 17       		.byte	23
  87 003a 01       		.byte	1
  88 003b 40       		.byte	64
  89 003c 44       		.byte	68
  90 003d 18       		.byte	24
  91 003e 01       		.byte	1
  92 003f 40       		.byte	64
  93 0040 22       		.byte	34
  94 0041 19       		.byte	25
  95 0042 01       		.byte	1
  96 0043 40       		.byte	64
  97 0044 45       		.byte	69
  98 0045 1A       		.byte	26
  99 0046 01       		.byte	1
 100 0047 40       		.byte	64
 101 0048 25       		.byte	37
 102 0049 1B       		.byte	27
 103 004a 01       		.byte	1
 104 004b 40       		.byte	64
 105 004c 04       		.byte	4
 106 004d 41       		.byte	65
 107 004e 01       		.byte	1
 108 004f 40       		.byte	64
 109 0050 04       		.byte	4
 110 0051 42       		.byte	66
 111 0052 01       		.byte	1
 112 0053 40       		.byte	64
 113 0054 05       		.byte	5
 114 0055 43       		.byte	67
ARM GAS  C:\Users\gopik\AppData\Local\Temp\ccK0bGnX.s 			page 3


 115 0056 01       		.byte	1
 116 0057 40       		.byte	64
 117 0058 04       		.byte	4
 118 0059 44       		.byte	68
 119 005a 01       		.byte	1
 120 005b 40       		.byte	64
 121 005c 0A       		.byte	10
 122 005d 45       		.byte	69
 123 005e 01       		.byte	1
 124 005f 40       		.byte	64
 125 0060 09       		.byte	9
 126 0061 46       		.byte	70
 127 0062 01       		.byte	1
 128 0063 40       		.byte	64
 129 0064 04       		.byte	4
 130 0065 47       		.byte	71
 131 0066 01       		.byte	1
 132 0067 40       		.byte	64
 133 0068 09       		.byte	9
 134 0069 48       		.byte	72
 135 006a 01       		.byte	1
 136 006b 40       		.byte	64
 137 006c 16       		.byte	22
 138 006d 49       		.byte	73
 139 006e 01       		.byte	1
 140 006f 40       		.byte	64
 141 0070 0C       		.byte	12
 142 0071 4C       		.byte	76
 143 0072 01       		.byte	1
 144 0073 40       		.byte	64
 145 0074 04       		.byte	4
 146 0075 4D       		.byte	77
 147 0076 01       		.byte	1
 148 0077 40       		.byte	64
 149 0078 06       		.byte	6
 150 0079 50       		.byte	80
 151 007a 01       		.byte	1
 152 007b 40       		.byte	64
 153 007c 00       		.byte	0
 154 007d 02       		.byte	2
 155 007e 01       		.byte	1
 156 007f 02       		.byte	2
 157 0080 10       		.byte	16
 158 0081 81       		.byte	-127
 159 0082 11       		.byte	17
 160 0083 84       		.byte	-124
 161 0084 18       		.byte	24
 162 0085 C2       		.byte	-62
 163 0086 19       		.byte	25
 164 0087 40       		.byte	64
 165 0088 60       		.byte	96
 166 0089 84       		.byte	-124
 167 008a 85       		.byte	-123
 168 008b 0F       		.byte	15
 169 008c 87       		.byte	-121
 170 008d 0F       		.byte	15
 171 008e 89       		.byte	-119
ARM GAS  C:\Users\gopik\AppData\Local\Temp\ccK0bGnX.s 			page 4


 172 008f 0F       		.byte	15
 173 0090 8B       		.byte	-117
 174 0091 0F       		.byte	15
 175 0092 85       		.byte	-123
 176 0093 0F       		.byte	15
 177 0094 87       		.byte	-121
 178 0095 0F       		.byte	15
 179 0096 89       		.byte	-119
 180 0097 0F       		.byte	15
 181 0098 8B       		.byte	-117
 182 0099 0F       		.byte	15
 183 009a 40       		.byte	64
 184 009b 30       		.byte	48
 185 009c 41       		.byte	65
 186 009d 02       		.byte	2
 187 009e 49       		.byte	73
 188 009f FF       		.byte	-1
 189 00a0 4A       		.byte	74
 190 00a1 FF       		.byte	-1
 191 00a2 4B       		.byte	75
 192 00a3 FF       		.byte	-1
 193 00a4 4D       		.byte	77
 194 00a5 A0       		.byte	-96
 195 00a6 4F       		.byte	79
 196 00a7 04       		.byte	4
 197 00a8 50       		.byte	80
 198 00a9 18       		.byte	24
 199 00aa 5A       		.byte	90
 200 00ab 04       		.byte	4
 201 00ac 5F       		.byte	95
 202 00ad 01       		.byte	1
 203 00ae 60       		.byte	96
 204 00af 40       		.byte	64
 205 00b0 62       		.byte	98
 206 00b1 C0       		.byte	-64
 207 00b2 64       		.byte	100
 208 00b3 40       		.byte	64
 209 00b4 65       		.byte	101
 210 00b5 40       		.byte	64
 211 00b6 66       		.byte	102
 212 00b7 C0       		.byte	-64
 213 00b8 68       		.byte	104
 214 00b9 C0       		.byte	-64
 215 00ba 6A       		.byte	106
 216 00bb C0       		.byte	-64
 217 00bc 6C       		.byte	108
 218 00bd C0       		.byte	-64
 219 00be 6E       		.byte	110
 220 00bf C0       		.byte	-64
 221 00c0 83       		.byte	-125
 222 00c1 0C       		.byte	12
 223 00c2 87       		.byte	-121
 224 00c3 03       		.byte	3
 225 00c4 8A       		.byte	-118
 226 00c5 0E       		.byte	14
 227 00c6 91       		.byte	-111
 228 00c7 02       		.byte	2
ARM GAS  C:\Users\gopik\AppData\Local\Temp\ccK0bGnX.s 			page 5


 229 00c8 96       		.byte	-106
 230 00c9 02       		.byte	2
 231 00ca 99       		.byte	-103
 232 00cb 08       		.byte	8
 233 00cc 9E       		.byte	-98
 234 00cd 04       		.byte	4
 235 00ce AA       		.byte	-86
 236 00cf 08       		.byte	8
 237 00d0 AE       		.byte	-82
 238 00d1 01       		.byte	1
 239 00d2 B0       		.byte	-80
 240 00d3 04       		.byte	4
 241 00d4 B1       		.byte	-79
 242 00d5 02       		.byte	2
 243 00d6 B2       		.byte	-78
 244 00d7 01       		.byte	1
 245 00d8 B3       		.byte	-77
 246 00d9 08       		.byte	8
 247 00da B4       		.byte	-76
 248 00db 02       		.byte	2
 249 00dc B5       		.byte	-75
 250 00dd 04       		.byte	4
 251 00de B6       		.byte	-74
 252 00df 08       		.byte	8
 253 00e0 B7       		.byte	-73
 254 00e1 01       		.byte	1
 255 00e2 BE       		.byte	-66
 256 00e3 10       		.byte	16
 257 00e4 C0       		.byte	-64
 258 00e5 30       		.byte	48
 259 00e6 C1       		.byte	-63
 260 00e7 02       		.byte	2
 261 00e8 C5       		.byte	-59
 262 00e9 D0       		.byte	-48
 263 00ea C6       		.byte	-58
 264 00eb 20       		.byte	32
 265 00ec C7       		.byte	-57
 266 00ed 51       		.byte	81
 267 00ee C8       		.byte	-56
 268 00ef 3A       		.byte	58
 269 00f0 C9       		.byte	-55
 270 00f1 FF       		.byte	-1
 271 00f2 CA       		.byte	-54
 272 00f3 FF       		.byte	-1
 273 00f4 CB       		.byte	-53
 274 00f5 FF       		.byte	-1
 275 00f6 CD       		.byte	-51
 276 00f7 AF       		.byte	-81
 277 00f8 CE       		.byte	-50
 278 00f9 0F       		.byte	15
 279 00fa CF       		.byte	-49
 280 00fb 04       		.byte	4
 281 00fc D0       		.byte	-48
 282 00fd 18       		.byte	24
 283 00fe D2       		.byte	-46
 284 00ff 80       		.byte	-128
 285 0100 D4       		.byte	-44
ARM GAS  C:\Users\gopik\AppData\Local\Temp\ccK0bGnX.s 			page 6


 286 0101 07       		.byte	7
 287 0102 D8       		.byte	-40
 288 0103 04       		.byte	4
 289 0104 D9       		.byte	-39
 290 0105 04       		.byte	4
 291 0106 DA       		.byte	-38
 292 0107 04       		.byte	4
 293 0108 DB       		.byte	-37
 294 0109 04       		.byte	4
 295 010a DF       		.byte	-33
 296 010b 01       		.byte	1
 297 010c E0       		.byte	-32
 298 010d 40       		.byte	64
 299 010e E2       		.byte	-30
 300 010f C0       		.byte	-64
 301 0110 E4       		.byte	-28
 302 0111 40       		.byte	64
 303 0112 E5       		.byte	-27
 304 0113 40       		.byte	64
 305 0114 E6       		.byte	-26
 306 0115 C0       		.byte	-64
 307 0116 E8       		.byte	-24
 308 0117 C0       		.byte	-64
 309 0118 EA       		.byte	-22
 310 0119 C0       		.byte	-64
 311 011a EC       		.byte	-20
 312 011b C0       		.byte	-64
 313 011c EE       		.byte	-18
 314 011d C0       		.byte	-64
 315 011e 04       		.byte	4
 316 011f 10       		.byte	16
 317 0120 0F       		.byte	15
 318 0121 22       		.byte	34
 319 0122 16       		.byte	22
 320 0123 08       		.byte	8
 321 0124 17       		.byte	23
 322 0125 40       		.byte	64
 323 0126 1C       		.byte	28
 324 0127 10       		.byte	16
 325 0128 1D       		.byte	29
 326 0129 88       		.byte	-120
 327 012a 1E       		.byte	30
 328 012b 08       		.byte	8
 329 012c 1F       		.byte	31
 330 012d 02       		.byte	2
 331 012e 24       		.byte	36
 332 012f 40       		.byte	64
 333 0130 26       		.byte	38
 334 0131 20       		.byte	32
 335 0132 27       		.byte	39
 336 0133 22       		.byte	34
 337 0134 36       		.byte	54
 338 0135 20       		.byte	32
 339 0136 37       		.byte	55
 340 0137 02       		.byte	2
 341 0138 3E       		.byte	62
 342 0139 08       		.byte	8
ARM GAS  C:\Users\gopik\AppData\Local\Temp\ccK0bGnX.s 			page 7


 343 013a 3F       		.byte	63
 344 013b 02       		.byte	2
 345 013c 40       		.byte	64
 346 013d 10       		.byte	16
 347 013e 41       		.byte	65
 348 013f 20       		.byte	32
 349 0140 45       		.byte	69
 350 0141 28       		.byte	40
 351 0142 4F       		.byte	79
 352 0143 01       		.byte	1
 353 0144 55       		.byte	85
 354 0145 20       		.byte	32
 355 0146 56       		.byte	86
 356 0147 08       		.byte	8
 357 0148 57       		.byte	87
 358 0149 11       		.byte	17
 359 014a 5C       		.byte	92
 360 014b 40       		.byte	64
 361 014c 5E       		.byte	94
 362 014d 08       		.byte	8
 363 014e 5F       		.byte	95
 364 014f 21       		.byte	33
 365 0150 77       		.byte	119
 366 0151 40       		.byte	64
 367 0152 87       		.byte	-121
 368 0153 02       		.byte	2
 369 0154 C0       		.byte	-64
 370 0155 40       		.byte	64
 371 0156 C2       		.byte	-62
 372 0157 A0       		.byte	-96
 373 0158 C4       		.byte	-60
 374 0159 C0       		.byte	-64
 375 015a CC       		.byte	-52
 376 015b A0       		.byte	-96
 377 015c CE       		.byte	-50
 378 015d C0       		.byte	-64
 379 015e D0       		.byte	-48
 380 015f 66       		.byte	102
 381 0160 D6       		.byte	-42
 382 0161 F0       		.byte	-16
 383 0162 40       		.byte	64
 384 0163 60       		.byte	96
 385 0164 41       		.byte	65
 386 0165 05       		.byte	5
 387 0166 49       		.byte	73
 388 0167 FF       		.byte	-1
 389 0168 4A       		.byte	74
 390 0169 FF       		.byte	-1
 391 016a 4B       		.byte	75
 392 016b FF       		.byte	-1
 393 016c 4D       		.byte	77
 394 016d A0       		.byte	-96
 395 016e 4F       		.byte	79
 396 016f 04       		.byte	4
 397 0170 50       		.byte	80
 398 0171 18       		.byte	24
 399 0172 5A       		.byte	90
ARM GAS  C:\Users\gopik\AppData\Local\Temp\ccK0bGnX.s 			page 8


 400 0173 04       		.byte	4
 401 0174 5D       		.byte	93
 402 0175 05       		.byte	5
 403 0176 5F       		.byte	95
 404 0177 01       		.byte	1
 405 0178 60       		.byte	96
 406 0179 40       		.byte	64
 407 017a 62       		.byte	98
 408 017b C0       		.byte	-64
 409 017c 64       		.byte	100
 410 017d 40       		.byte	64
 411 017e 65       		.byte	101
 412 017f 40       		.byte	64
 413 0180 66       		.byte	102
 414 0181 C0       		.byte	-64
 415 0182 68       		.byte	104
 416 0183 C0       		.byte	-64
 417 0184 6A       		.byte	106
 418 0185 C0       		.byte	-64
 419 0186 6C       		.byte	108
 420 0187 C0       		.byte	-64
 421 0188 6E       		.byte	110
 422 0189 C0       		.byte	-64
 423 018a 89       		.byte	-119
 424 018b 02       		.byte	2
 425 018c 8D       		.byte	-115
 426 018d 08       		.byte	8
 427 018e 8E       		.byte	-114
 428 018f 02       		.byte	2
 429 0190 92       		.byte	-110
 430 0191 01       		.byte	1
 431 0192 97       		.byte	-105
 432 0193 03       		.byte	3
 433 0194 9A       		.byte	-102
 434 0195 0E       		.byte	14
 435 0196 9B       		.byte	-101
 436 0197 0C       		.byte	12
 437 0198 A6       		.byte	-90
 438 0199 08       		.byte	8
 439 019a AA       		.byte	-86
 440 019b 04       		.byte	4
 441 019c B0       		.byte	-80
 442 019d 04       		.byte	4
 443 019e B1       		.byte	-79
 444 019f 04       		.byte	4
 445 01a0 B2       		.byte	-78
 446 01a1 02       		.byte	2
 447 01a2 B3       		.byte	-77
 448 01a3 01       		.byte	1
 449 01a4 B4       		.byte	-76
 450 01a5 01       		.byte	1
 451 01a6 B5       		.byte	-75
 452 01a7 08       		.byte	8
 453 01a8 B6       		.byte	-74
 454 01a9 08       		.byte	8
 455 01aa B7       		.byte	-73
 456 01ab 02       		.byte	2
ARM GAS  C:\Users\gopik\AppData\Local\Temp\ccK0bGnX.s 			page 9


 457 01ac BE       		.byte	-66
 458 01ad 04       		.byte	4
 459 01ae C0       		.byte	-64
 460 01af 20       		.byte	32
 461 01b0 C1       		.byte	-63
 462 01b1 05       		.byte	5
 463 01b2 C5       		.byte	-59
 464 01b3 D5       		.byte	-43
 465 01b4 C7       		.byte	-57
 466 01b5 21       		.byte	33
 467 01b6 C8       		.byte	-56
 468 01b7 33       		.byte	51
 469 01b8 C9       		.byte	-55
 470 01b9 FF       		.byte	-1
 471 01ba CA       		.byte	-54
 472 01bb FF       		.byte	-1
 473 01bc CB       		.byte	-53
 474 01bd FF       		.byte	-1
 475 01be CD       		.byte	-51
 476 01bf AF       		.byte	-81
 477 01c0 CE       		.byte	-50
 478 01c1 0F       		.byte	15
 479 01c2 CF       		.byte	-49
 480 01c3 04       		.byte	4
 481 01c4 D0       		.byte	-48
 482 01c5 18       		.byte	24
 483 01c6 D2       		.byte	-46
 484 01c7 80       		.byte	-128
 485 01c8 D4       		.byte	-44
 486 01c9 07       		.byte	7
 487 01ca D8       		.byte	-40
 488 01cb 04       		.byte	4
 489 01cc D9       		.byte	-39
 490 01cd 04       		.byte	4
 491 01ce DA       		.byte	-38
 492 01cf 04       		.byte	4
 493 01d0 DB       		.byte	-37
 494 01d1 04       		.byte	4
 495 01d2 DC       		.byte	-36
 496 01d3 55       		.byte	85
 497 01d4 DD       		.byte	-35
 498 01d5 55       		.byte	85
 499 01d6 DF       		.byte	-33
 500 01d7 01       		.byte	1
 501 01d8 E0       		.byte	-32
 502 01d9 40       		.byte	64
 503 01da E2       		.byte	-30
 504 01db C0       		.byte	-64
 505 01dc E4       		.byte	-28
 506 01dd 40       		.byte	64
 507 01de E5       		.byte	-27
 508 01df 40       		.byte	64
 509 01e0 E6       		.byte	-26
 510 01e1 C0       		.byte	-64
 511 01e2 E8       		.byte	-24
 512 01e3 C0       		.byte	-64
 513 01e4 EA       		.byte	-22
ARM GAS  C:\Users\gopik\AppData\Local\Temp\ccK0bGnX.s 			page 10


 514 01e5 C0       		.byte	-64
 515 01e6 EC       		.byte	-20
 516 01e7 C0       		.byte	-64
 517 01e8 EE       		.byte	-18
 518 01e9 C0       		.byte	-64
 519 01ea 02       		.byte	2
 520 01eb 02       		.byte	2
 521 01ec 0A       		.byte	10
 522 01ed 44       		.byte	68
 523 01ee 10       		.byte	16
 524 01ef 28       		.byte	40
 525 01f0 19       		.byte	25
 526 01f1 04       		.byte	4
 527 01f2 1A       		.byte	26
 528 01f3 04       		.byte	4
 529 01f4 1B       		.byte	27
 530 01f5 92       		.byte	-110
 531 01f6 20       		.byte	32
 532 01f7 50       		.byte	80
 533 01f8 22       		.byte	34
 534 01f9 50       		.byte	80
 535 01fa 30       		.byte	48
 536 01fb 28       		.byte	40
 537 01fc 38       		.byte	56
 538 01fd 50       		.byte	80
 539 01fe 42       		.byte	66
 540 01ff 04       		.byte	4
 541 0200 48       		.byte	72
 542 0201 20       		.byte	32
 543 0202 49       		.byte	73
 544 0203 01       		.byte	1
 545 0204 4A       		.byte	74
 546 0205 02       		.byte	2
 547 0206 4E       		.byte	78
 548 0207 02       		.byte	2
 549 0208 4F       		.byte	79
 550 0209 20       		.byte	32
 551 020a 50       		.byte	80
 552 020b 08       		.byte	8
 553 020c 52       		.byte	82
 554 020d 02       		.byte	2
 555 020e 59       		.byte	89
 556 020f 05       		.byte	5
 557 0210 5A       		.byte	90
 558 0211 A0       		.byte	-96
 559 0212 72       		.byte	114
 560 0213 40       		.byte	64
 561 0214 B1       		.byte	-79
 562 0215 80       		.byte	-128
 563 0216 C0       		.byte	-64
 564 0217 01       		.byte	1
 565 0218 C2       		.byte	-62
 566 0219 0A       		.byte	10
 567 021a C4       		.byte	-60
 568 021b 06       		.byte	6
 569 021c CC       		.byte	-52
 570 021d 06       		.byte	6
ARM GAS  C:\Users\gopik\AppData\Local\Temp\ccK0bGnX.s 			page 11


 571 021e CE       		.byte	-50
 572 021f 0C       		.byte	12
 573 0220 D0       		.byte	-48
 574 0221 04       		.byte	4
 575 0222 D2       		.byte	-46
 576 0223 38       		.byte	56
 577 0224 D6       		.byte	-42
 578 0225 0F       		.byte	15
 579 0226 EA       		.byte	-22
 580 0227 20       		.byte	32
 581 0228 40       		.byte	64
 582 0229 60       		.byte	96
 583 022a 41       		.byte	65
 584 022b 05       		.byte	5
 585 022c 49       		.byte	73
 586 022d FF       		.byte	-1
 587 022e 4A       		.byte	74
 588 022f FF       		.byte	-1
 589 0230 4B       		.byte	75
 590 0231 FF       		.byte	-1
 591 0232 4D       		.byte	77
 592 0233 A0       		.byte	-96
 593 0234 4F       		.byte	79
 594 0235 04       		.byte	4
 595 0236 50       		.byte	80
 596 0237 18       		.byte	24
 597 0238 5A       		.byte	90
 598 0239 04       		.byte	4
 599 023a 5D       		.byte	93
 600 023b 06       		.byte	6
 601 023c 5F       		.byte	95
 602 023d 01       		.byte	1
 603 023e 60       		.byte	96
 604 023f 40       		.byte	64
 605 0240 62       		.byte	98
 606 0241 C0       		.byte	-64
 607 0242 64       		.byte	100
 608 0243 40       		.byte	64
 609 0244 65       		.byte	101
 610 0245 40       		.byte	64
 611 0246 66       		.byte	102
 612 0247 C0       		.byte	-64
 613 0248 68       		.byte	104
 614 0249 C0       		.byte	-64
 615 024a 6A       		.byte	106
 616 024b C0       		.byte	-64
 617 024c 6C       		.byte	108
 618 024d C0       		.byte	-64
 619 024e 6E       		.byte	110
 620 024f C0       		.byte	-64
 621 0250 89       		.byte	-119
 622 0251 02       		.byte	2
 623 0252 8D       		.byte	-115
 624 0253 08       		.byte	8
 625 0254 8E       		.byte	-114
 626 0255 02       		.byte	2
 627 0256 92       		.byte	-110
ARM GAS  C:\Users\gopik\AppData\Local\Temp\ccK0bGnX.s 			page 12


 628 0257 01       		.byte	1
 629 0258 97       		.byte	-105
 630 0259 03       		.byte	3
 631 025a 9A       		.byte	-102
 632 025b 0E       		.byte	14
 633 025c 9B       		.byte	-101
 634 025d 0C       		.byte	12
 635 025e A6       		.byte	-90
 636 025f 08       		.byte	8
 637 0260 AA       		.byte	-86
 638 0261 04       		.byte	4
 639 0262 B0       		.byte	-80
 640 0263 04       		.byte	4
 641 0264 B1       		.byte	-79
 642 0265 04       		.byte	4
 643 0266 B2       		.byte	-78
 644 0267 02       		.byte	2
 645 0268 B3       		.byte	-77
 646 0269 01       		.byte	1
 647 026a B4       		.byte	-76
 648 026b 01       		.byte	1
 649 026c B5       		.byte	-75
 650 026d 08       		.byte	8
 651 026e B6       		.byte	-74
 652 026f 08       		.byte	8
 653 0270 B7       		.byte	-73
 654 0271 02       		.byte	2
 655 0272 BE       		.byte	-66
 656 0273 04       		.byte	4
 657 0274 C0       		.byte	-64
 658 0275 20       		.byte	32
 659 0276 C1       		.byte	-63
 660 0277 05       		.byte	5
 661 0278 C5       		.byte	-59
 662 0279 D5       		.byte	-43
 663 027a C7       		.byte	-57
 664 027b 21       		.byte	33
 665 027c C8       		.byte	-56
 666 027d 33       		.byte	51
 667 027e C9       		.byte	-55
 668 027f FF       		.byte	-1
 669 0280 CA       		.byte	-54
 670 0281 FF       		.byte	-1
 671 0282 CB       		.byte	-53
 672 0283 FF       		.byte	-1
 673 0284 CD       		.byte	-51
 674 0285 AF       		.byte	-81
 675 0286 CE       		.byte	-50
 676 0287 0F       		.byte	15
 677 0288 CF       		.byte	-49
 678 0289 04       		.byte	4
 679 028a D0       		.byte	-48
 680 028b 18       		.byte	24
 681 028c D2       		.byte	-46
 682 028d 80       		.byte	-128
 683 028e D4       		.byte	-44
 684 028f 07       		.byte	7
ARM GAS  C:\Users\gopik\AppData\Local\Temp\ccK0bGnX.s 			page 13


 685 0290 D8       		.byte	-40
 686 0291 04       		.byte	4
 687 0292 D9       		.byte	-39
 688 0293 04       		.byte	4
 689 0294 DA       		.byte	-38
 690 0295 04       		.byte	4
 691 0296 DB       		.byte	-37
 692 0297 04       		.byte	4
 693 0298 DC       		.byte	-36
 694 0299 66       		.byte	102
 695 029a DD       		.byte	-35
 696 029b 66       		.byte	102
 697 029c DF       		.byte	-33
 698 029d 01       		.byte	1
 699 029e E0       		.byte	-32
 700 029f 40       		.byte	64
 701 02a0 E2       		.byte	-30
 702 02a1 C0       		.byte	-64
 703 02a2 E4       		.byte	-28
 704 02a3 40       		.byte	64
 705 02a4 E5       		.byte	-27
 706 02a5 40       		.byte	64
 707 02a6 E6       		.byte	-26
 708 02a7 C0       		.byte	-64
 709 02a8 E8       		.byte	-24
 710 02a9 C0       		.byte	-64
 711 02aa EA       		.byte	-22
 712 02ab C0       		.byte	-64
 713 02ac EC       		.byte	-20
 714 02ad C0       		.byte	-64
 715 02ae EE       		.byte	-18
 716 02af C0       		.byte	-64
 717 02b0 02       		.byte	2
 718 02b1 02       		.byte	2
 719 02b2 0A       		.byte	10
 720 02b3 44       		.byte	68
 721 02b4 10       		.byte	16
 722 02b5 28       		.byte	40
 723 02b6 19       		.byte	25
 724 02b7 44       		.byte	68
 725 02b8 1A       		.byte	26
 726 02b9 04       		.byte	4
 727 02ba 1B       		.byte	27
 728 02bb 12       		.byte	18
 729 02bc 20       		.byte	32
 730 02bd 50       		.byte	80
 731 02be 22       		.byte	34
 732 02bf 50       		.byte	80
 733 02c0 30       		.byte	48
 734 02c1 28       		.byte	40
 735 02c2 38       		.byte	56
 736 02c3 50       		.byte	80
 737 02c4 42       		.byte	66
 738 02c5 04       		.byte	4
 739 02c6 48       		.byte	72
 740 02c7 20       		.byte	32
 741 02c8 49       		.byte	73
ARM GAS  C:\Users\gopik\AppData\Local\Temp\ccK0bGnX.s 			page 14


 742 02c9 01       		.byte	1
 743 02ca 4A       		.byte	74
 744 02cb 02       		.byte	2
 745 02cc 4E       		.byte	78
 746 02cd 02       		.byte	2
 747 02ce 4F       		.byte	79
 748 02cf 20       		.byte	32
 749 02d0 50       		.byte	80
 750 02d1 08       		.byte	8
 751 02d2 52       		.byte	82
 752 02d3 02       		.byte	2
 753 02d4 59       		.byte	89
 754 02d5 05       		.byte	5
 755 02d6 5A       		.byte	90
 756 02d7 A0       		.byte	-96
 757 02d8 72       		.byte	114
 758 02d9 40       		.byte	64
 759 02da A7       		.byte	-89
 760 02db 02       		.byte	2
 761 02dc C0       		.byte	-64
 762 02dd 01       		.byte	1
 763 02de C2       		.byte	-62
 764 02df 0A       		.byte	10
 765 02e0 C4       		.byte	-60
 766 02e1 06       		.byte	6
 767 02e2 CC       		.byte	-52
 768 02e3 06       		.byte	6
 769 02e4 CE       		.byte	-50
 770 02e5 0C       		.byte	12
 771 02e6 D0       		.byte	-48
 772 02e7 04       		.byte	4
 773 02e8 D2       		.byte	-46
 774 02e9 38       		.byte	56
 775 02ea D6       		.byte	-42
 776 02eb 0F       		.byte	15
 777 02ec 40       		.byte	64
 778 02ed 30       		.byte	48
 779 02ee 41       		.byte	65
 780 02ef 02       		.byte	2
 781 02f0 49       		.byte	73
 782 02f1 FF       		.byte	-1
 783 02f2 4A       		.byte	74
 784 02f3 FF       		.byte	-1
 785 02f4 4B       		.byte	75
 786 02f5 FF       		.byte	-1
 787 02f6 4D       		.byte	77
 788 02f7 A0       		.byte	-96
 789 02f8 4F       		.byte	79
 790 02f9 04       		.byte	4
 791 02fa 50       		.byte	80
 792 02fb 18       		.byte	24
 793 02fc 5A       		.byte	90
 794 02fd 04       		.byte	4
 795 02fe 5D       		.byte	93
 796 02ff 03       		.byte	3
 797 0300 5F       		.byte	95
 798 0301 01       		.byte	1
ARM GAS  C:\Users\gopik\AppData\Local\Temp\ccK0bGnX.s 			page 15


 799 0302 60       		.byte	96
 800 0303 40       		.byte	64
 801 0304 62       		.byte	98
 802 0305 C0       		.byte	-64
 803 0306 64       		.byte	100
 804 0307 40       		.byte	64
 805 0308 65       		.byte	101
 806 0309 40       		.byte	64
 807 030a 66       		.byte	102
 808 030b C0       		.byte	-64
 809 030c 68       		.byte	104
 810 030d C0       		.byte	-64
 811 030e 6A       		.byte	106
 812 030f C0       		.byte	-64
 813 0310 6C       		.byte	108
 814 0311 C0       		.byte	-64
 815 0312 6E       		.byte	110
 816 0313 C0       		.byte	-64
 817 0314 83       		.byte	-125
 818 0315 0C       		.byte	12
 819 0316 87       		.byte	-121
 820 0317 03       		.byte	3
 821 0318 8A       		.byte	-118
 822 0319 0E       		.byte	14
 823 031a 91       		.byte	-111
 824 031b 02       		.byte	2
 825 031c 99       		.byte	-103
 826 031d 08       		.byte	8
 827 031e 9E       		.byte	-98
 828 031f 04       		.byte	4
 829 0320 A6       		.byte	-90
 830 0321 02       		.byte	2
 831 0322 AA       		.byte	-86
 832 0323 08       		.byte	8
 833 0324 AE       		.byte	-82
 834 0325 01       		.byte	1
 835 0326 B0       		.byte	-80
 836 0327 08       		.byte	8
 837 0328 B1       		.byte	-79
 838 0329 02       		.byte	2
 839 032a B2       		.byte	-78
 840 032b 01       		.byte	1
 841 032c B3       		.byte	-77
 842 032d 08       		.byte	8
 843 032e B4       		.byte	-76
 844 032f 02       		.byte	2
 845 0330 B5       		.byte	-75
 846 0331 04       		.byte	4
 847 0332 B6       		.byte	-74
 848 0333 04       		.byte	4
 849 0334 B7       		.byte	-73
 850 0335 01       		.byte	1
 851 0336 BE       		.byte	-66
 852 0337 10       		.byte	16
 853 0338 C0       		.byte	-64
 854 0339 30       		.byte	48
 855 033a C1       		.byte	-63
ARM GAS  C:\Users\gopik\AppData\Local\Temp\ccK0bGnX.s 			page 16


 856 033b 02       		.byte	2
 857 033c C5       		.byte	-59
 858 033d D0       		.byte	-48
 859 033e C6       		.byte	-58
 860 033f 20       		.byte	32
 861 0340 C7       		.byte	-57
 862 0341 51       		.byte	81
 863 0342 C8       		.byte	-56
 864 0343 3A       		.byte	58
 865 0344 C9       		.byte	-55
 866 0345 FF       		.byte	-1
 867 0346 CA       		.byte	-54
 868 0347 FF       		.byte	-1
 869 0348 CB       		.byte	-53
 870 0349 FF       		.byte	-1
 871 034a CD       		.byte	-51
 872 034b AF       		.byte	-81
 873 034c CE       		.byte	-50
 874 034d 0F       		.byte	15
 875 034e CF       		.byte	-49
 876 034f 04       		.byte	4
 877 0350 D0       		.byte	-48
 878 0351 18       		.byte	24
 879 0352 D2       		.byte	-46
 880 0353 80       		.byte	-128
 881 0354 D4       		.byte	-44
 882 0355 07       		.byte	7
 883 0356 D8       		.byte	-40
 884 0357 04       		.byte	4
 885 0358 D9       		.byte	-39
 886 0359 04       		.byte	4
 887 035a DA       		.byte	-38
 888 035b 04       		.byte	4
 889 035c DB       		.byte	-37
 890 035d 04       		.byte	4
 891 035e DC       		.byte	-36
 892 035f 33       		.byte	51
 893 0360 DD       		.byte	-35
 894 0361 33       		.byte	51
 895 0362 DF       		.byte	-33
 896 0363 01       		.byte	1
 897 0364 E0       		.byte	-32
 898 0365 40       		.byte	64
 899 0366 E2       		.byte	-30
 900 0367 C0       		.byte	-64
 901 0368 E4       		.byte	-28
 902 0369 40       		.byte	64
 903 036a E5       		.byte	-27
 904 036b 40       		.byte	64
 905 036c E6       		.byte	-26
 906 036d C0       		.byte	-64
 907 036e E8       		.byte	-24
 908 036f C0       		.byte	-64
 909 0370 EA       		.byte	-22
 910 0371 C0       		.byte	-64
 911 0372 EC       		.byte	-20
 912 0373 C0       		.byte	-64
ARM GAS  C:\Users\gopik\AppData\Local\Temp\ccK0bGnX.s 			page 17


 913 0374 EE       		.byte	-18
 914 0375 C0       		.byte	-64
 915 0376 04       		.byte	4
 916 0377 10       		.byte	16
 917 0378 0F       		.byte	15
 918 0379 02       		.byte	2
 919 037a 16       		.byte	22
 920 037b 28       		.byte	40
 921 037c 17       		.byte	23
 922 037d 40       		.byte	64
 923 037e 1C       		.byte	28
 924 037f 11       		.byte	17
 925 0380 1D       		.byte	29
 926 0381 0A       		.byte	10
 927 0382 1E       		.byte	30
 928 0383 08       		.byte	8
 929 0384 24       		.byte	36
 930 0385 40       		.byte	64
 931 0386 26       		.byte	38
 932 0387 20       		.byte	32
 933 0388 27       		.byte	39
 934 0389 22       		.byte	34
 935 038a 36       		.byte	54
 936 038b 20       		.byte	32
 937 038c 37       		.byte	55
 938 038d 02       		.byte	2
 939 038e 3E       		.byte	62
 940 038f 08       		.byte	8
 941 0390 3F       		.byte	63
 942 0391 02       		.byte	2
 943 0392 40       		.byte	64
 944 0393 10       		.byte	16
 945 0394 41       		.byte	65
 946 0395 20       		.byte	32
 947 0396 45       		.byte	69
 948 0397 28       		.byte	40
 949 0398 4F       		.byte	79
 950 0399 01       		.byte	1
 951 039a 55       		.byte	85
 952 039b 20       		.byte	32
 953 039c 56       		.byte	86
 954 039d 28       		.byte	40
 955 039e 57       		.byte	87
 956 039f 01       		.byte	1
 957 03a0 5C       		.byte	92
 958 03a1 40       		.byte	64
 959 03a2 5E       		.byte	94
 960 03a3 08       		.byte	8
 961 03a4 5F       		.byte	95
 962 03a5 21       		.byte	33
 963 03a6 77       		.byte	119
 964 03a7 40       		.byte	64
 965 03a8 8B       		.byte	-117
 966 03a9 02       		.byte	2
 967 03aa 8C       		.byte	-116
 968 03ab 01       		.byte	1
 969 03ac A5       		.byte	-91
ARM GAS  C:\Users\gopik\AppData\Local\Temp\ccK0bGnX.s 			page 18


 970 03ad 02       		.byte	2
 971 03ae A9       		.byte	-87
 972 03af 02       		.byte	2
 973 03b0 C0       		.byte	-64
 974 03b1 40       		.byte	64
 975 03b2 C2       		.byte	-62
 976 03b3 80       		.byte	-128
 977 03b4 C4       		.byte	-60
 978 03b5 E0       		.byte	-32
 979 03b6 CC       		.byte	-52
 980 03b7 A0       		.byte	-96
 981 03b8 CE       		.byte	-50
 982 03b9 C0       		.byte	-64
 983 03ba D0       		.byte	-48
 984 03bb 66       		.byte	102
 985 03bc D6       		.byte	-42
 986 03bd F0       		.byte	-16
 987 03be E8       		.byte	-24
 988 03bf 01       		.byte	1
 989 03c0 40       		.byte	64
 990 03c1 30       		.byte	48
 991 03c2 41       		.byte	65
 992 03c3 02       		.byte	2
 993 03c4 49       		.byte	73
 994 03c5 FF       		.byte	-1
 995 03c6 4A       		.byte	74
 996 03c7 FF       		.byte	-1
 997 03c8 4B       		.byte	75
 998 03c9 FF       		.byte	-1
 999 03ca 4D       		.byte	77
 1000 03cb A0       		.byte	-96
 1001 03cc 4F       		.byte	79
 1002 03cd 04       		.byte	4
 1003 03ce 50       		.byte	80
 1004 03cf 18       		.byte	24
 1005 03d0 5A       		.byte	90
 1006 03d1 04       		.byte	4
 1007 03d2 5D       		.byte	93
 1008 03d3 02       		.byte	2
 1009 03d4 5F       		.byte	95
 1010 03d5 01       		.byte	1
 1011 03d6 60       		.byte	96
 1012 03d7 40       		.byte	64
 1013 03d8 62       		.byte	98
 1014 03d9 C0       		.byte	-64
 1015 03da 64       		.byte	100
 1016 03db 40       		.byte	64
 1017 03dc 65       		.byte	101
 1018 03dd 40       		.byte	64
 1019 03de 66       		.byte	102
 1020 03df C0       		.byte	-64
 1021 03e0 68       		.byte	104
 1022 03e1 C0       		.byte	-64
 1023 03e2 6A       		.byte	106
 1024 03e3 C0       		.byte	-64
 1025 03e4 6C       		.byte	108
 1026 03e5 C0       		.byte	-64
ARM GAS  C:\Users\gopik\AppData\Local\Temp\ccK0bGnX.s 			page 19


 1027 03e6 6E       		.byte	110
 1028 03e7 C0       		.byte	-64
 1029 03e8 83       		.byte	-125
 1030 03e9 0C       		.byte	12
 1031 03ea 87       		.byte	-121
 1032 03eb 03       		.byte	3
 1033 03ec 8A       		.byte	-118
 1034 03ed 0E       		.byte	14
 1035 03ee 91       		.byte	-111
 1036 03ef 02       		.byte	2
 1037 03f0 99       		.byte	-103
 1038 03f1 08       		.byte	8
 1039 03f2 9E       		.byte	-98
 1040 03f3 08       		.byte	8
 1041 03f4 A6       		.byte	-90
 1042 03f5 02       		.byte	2
 1043 03f6 AA       		.byte	-86
 1044 03f7 04       		.byte	4
 1045 03f8 AE       		.byte	-82
 1046 03f9 01       		.byte	1
 1047 03fa B0       		.byte	-80
 1048 03fb 04       		.byte	4
 1049 03fc B1       		.byte	-79
 1050 03fd 02       		.byte	2
 1051 03fe B2       		.byte	-78
 1052 03ff 01       		.byte	1
 1053 0400 B3       		.byte	-77
 1054 0401 08       		.byte	8
 1055 0402 B4       		.byte	-76
 1056 0403 02       		.byte	2
 1057 0404 B5       		.byte	-75
 1058 0405 04       		.byte	4
 1059 0406 B6       		.byte	-74
 1060 0407 08       		.byte	8
 1061 0408 B7       		.byte	-73
 1062 0409 01       		.byte	1
 1063 040a BE       		.byte	-66
 1064 040b 10       		.byte	16
 1065 040c C0       		.byte	-64
 1066 040d 30       		.byte	48
 1067 040e C1       		.byte	-63
 1068 040f 02       		.byte	2
 1069 0410 C5       		.byte	-59
 1070 0411 D0       		.byte	-48
 1071 0412 C6       		.byte	-58
 1072 0413 20       		.byte	32
 1073 0414 C7       		.byte	-57
 1074 0415 51       		.byte	81
 1075 0416 C8       		.byte	-56
 1076 0417 3A       		.byte	58
 1077 0418 C9       		.byte	-55
 1078 0419 FF       		.byte	-1
 1079 041a CA       		.byte	-54
 1080 041b FF       		.byte	-1
 1081 041c CB       		.byte	-53
 1082 041d FF       		.byte	-1
 1083 041e CD       		.byte	-51
ARM GAS  C:\Users\gopik\AppData\Local\Temp\ccK0bGnX.s 			page 20


 1084 041f AF       		.byte	-81
 1085 0420 CE       		.byte	-50
 1086 0421 0F       		.byte	15
 1087 0422 CF       		.byte	-49
 1088 0423 04       		.byte	4
 1089 0424 D0       		.byte	-48
 1090 0425 18       		.byte	24
 1091 0426 D2       		.byte	-46
 1092 0427 80       		.byte	-128
 1093 0428 D4       		.byte	-44
 1094 0429 07       		.byte	7
 1095 042a D8       		.byte	-40
 1096 042b 04       		.byte	4
 1097 042c D9       		.byte	-39
 1098 042d 04       		.byte	4
 1099 042e DA       		.byte	-38
 1100 042f 04       		.byte	4
 1101 0430 DB       		.byte	-37
 1102 0431 04       		.byte	4
 1103 0432 DC       		.byte	-36
 1104 0433 22       		.byte	34
 1105 0434 DD       		.byte	-35
 1106 0435 22       		.byte	34
 1107 0436 DF       		.byte	-33
 1108 0437 01       		.byte	1
 1109 0438 E0       		.byte	-32
 1110 0439 40       		.byte	64
 1111 043a E2       		.byte	-30
 1112 043b C0       		.byte	-64
 1113 043c E4       		.byte	-28
 1114 043d 40       		.byte	64
 1115 043e E5       		.byte	-27
 1116 043f 40       		.byte	64
 1117 0440 E6       		.byte	-26
 1118 0441 C0       		.byte	-64
 1119 0442 E8       		.byte	-24
 1120 0443 C0       		.byte	-64
 1121 0444 EA       		.byte	-22
 1122 0445 C0       		.byte	-64
 1123 0446 EC       		.byte	-20
 1124 0447 C0       		.byte	-64
 1125 0448 EE       		.byte	-18
 1126 0449 C0       		.byte	-64
 1127 044a 04       		.byte	4
 1128 044b 10       		.byte	16
 1129 044c 0F       		.byte	15
 1130 044d 02       		.byte	2
 1131 044e 16       		.byte	22
 1132 044f 28       		.byte	40
 1133 0450 17       		.byte	23
 1134 0451 40       		.byte	64
 1135 0452 1C       		.byte	28
 1136 0453 10       		.byte	16
 1137 0454 1D       		.byte	29
 1138 0455 09       		.byte	9
 1139 0456 1E       		.byte	30
 1140 0457 0A       		.byte	10
ARM GAS  C:\Users\gopik\AppData\Local\Temp\ccK0bGnX.s 			page 21


 1141 0458 24       		.byte	36
 1142 0459 40       		.byte	64
 1143 045a 26       		.byte	38
 1144 045b 20       		.byte	32
 1145 045c 27       		.byte	39
 1146 045d 22       		.byte	34
 1147 045e 36       		.byte	54
 1148 045f 20       		.byte	32
 1149 0460 37       		.byte	55
 1150 0461 02       		.byte	2
 1151 0462 3E       		.byte	62
 1152 0463 08       		.byte	8
 1153 0464 3F       		.byte	63
 1154 0465 02       		.byte	2
 1155 0466 40       		.byte	64
 1156 0467 10       		.byte	16
 1157 0468 41       		.byte	65
 1158 0469 20       		.byte	32
 1159 046a 45       		.byte	69
 1160 046b 28       		.byte	40
 1161 046c 4F       		.byte	79
 1162 046d 01       		.byte	1
 1163 046e 55       		.byte	85
 1164 046f 20       		.byte	32
 1165 0470 56       		.byte	86
 1166 0471 28       		.byte	40
 1167 0472 57       		.byte	87
 1168 0473 01       		.byte	1
 1169 0474 5C       		.byte	92
 1170 0475 40       		.byte	64
 1171 0476 5E       		.byte	94
 1172 0477 08       		.byte	8
 1173 0478 5F       		.byte	95
 1174 0479 21       		.byte	33
 1175 047a 77       		.byte	119
 1176 047b 40       		.byte	64
 1177 047c 80       		.byte	-128
 1178 047d 40       		.byte	64
 1179 047e 8D       		.byte	-115
 1180 047f 01       		.byte	1
 1181 0480 8E       		.byte	-114
 1182 0481 01       		.byte	1
 1183 0482 90       		.byte	-112
 1184 0483 80       		.byte	-128
 1185 0484 C0       		.byte	-64
 1186 0485 40       		.byte	64
 1187 0486 C2       		.byte	-62
 1188 0487 80       		.byte	-128
 1189 0488 C4       		.byte	-60
 1190 0489 E0       		.byte	-32
 1191 048a CC       		.byte	-52
 1192 048b A0       		.byte	-96
 1193 048c CE       		.byte	-50
 1194 048d C0       		.byte	-64
 1195 048e D0       		.byte	-48
 1196 048f 66       		.byte	102
 1197 0490 D6       		.byte	-42
ARM GAS  C:\Users\gopik\AppData\Local\Temp\ccK0bGnX.s 			page 22


 1198 0491 F0       		.byte	-16
 1199 0492 E2       		.byte	-30
 1200 0493 10       		.byte	16
 1201 0494 E6       		.byte	-26
 1202 0495 40       		.byte	64
 1203 0496 40       		.byte	64
 1204 0497 60       		.byte	96
 1205 0498 41       		.byte	65
 1206 0499 05       		.byte	5
 1207 049a 49       		.byte	73
 1208 049b FF       		.byte	-1
 1209 049c 4A       		.byte	74
 1210 049d FF       		.byte	-1
 1211 049e 4B       		.byte	75
 1212 049f FF       		.byte	-1
 1213 04a0 4D       		.byte	77
 1214 04a1 A0       		.byte	-96
 1215 04a2 4F       		.byte	79
 1216 04a3 04       		.byte	4
 1217 04a4 50       		.byte	80
 1218 04a5 18       		.byte	24
 1219 04a6 5A       		.byte	90
 1220 04a7 04       		.byte	4
 1221 04a8 5D       		.byte	93
 1222 04a9 01       		.byte	1
 1223 04aa 5F       		.byte	95
 1224 04ab 01       		.byte	1
 1225 04ac 60       		.byte	96
 1226 04ad 40       		.byte	64
 1227 04ae 62       		.byte	98
 1228 04af C0       		.byte	-64
 1229 04b0 64       		.byte	100
 1230 04b1 40       		.byte	64
 1231 04b2 65       		.byte	101
 1232 04b3 40       		.byte	64
 1233 04b4 66       		.byte	102
 1234 04b5 C0       		.byte	-64
 1235 04b6 68       		.byte	104
 1236 04b7 C0       		.byte	-64
 1237 04b8 6A       		.byte	106
 1238 04b9 C0       		.byte	-64
 1239 04ba 6C       		.byte	108
 1240 04bb C0       		.byte	-64
 1241 04bc 6E       		.byte	110
 1242 04bd C0       		.byte	-64
 1243 04be 89       		.byte	-119
 1244 04bf 02       		.byte	2
 1245 04c0 8D       		.byte	-115
 1246 04c1 08       		.byte	8
 1247 04c2 8E       		.byte	-114
 1248 04c3 02       		.byte	2
 1249 04c4 92       		.byte	-110
 1250 04c5 01       		.byte	1
 1251 04c6 97       		.byte	-105
 1252 04c7 03       		.byte	3
 1253 04c8 9A       		.byte	-102
 1254 04c9 0E       		.byte	14
ARM GAS  C:\Users\gopik\AppData\Local\Temp\ccK0bGnX.s 			page 23


 1255 04ca 9B       		.byte	-101
 1256 04cb 0C       		.byte	12
 1257 04cc A6       		.byte	-90
 1258 04cd 08       		.byte	8
 1259 04ce AA       		.byte	-86
 1260 04cf 04       		.byte	4
 1261 04d0 B0       		.byte	-80
 1262 04d1 08       		.byte	8
 1263 04d2 B1       		.byte	-79
 1264 04d3 04       		.byte	4
 1265 04d4 B2       		.byte	-78
 1266 04d5 02       		.byte	2
 1267 04d6 B3       		.byte	-77
 1268 04d7 01       		.byte	1
 1269 04d8 B4       		.byte	-76
 1270 04d9 01       		.byte	1
 1271 04da B5       		.byte	-75
 1272 04db 08       		.byte	8
 1273 04dc B6       		.byte	-74
 1274 04dd 04       		.byte	4
 1275 04de B7       		.byte	-73
 1276 04df 02       		.byte	2
 1277 04e0 BE       		.byte	-66
 1278 04e1 04       		.byte	4
 1279 04e2 C0       		.byte	-64
 1280 04e3 20       		.byte	32
 1281 04e4 C1       		.byte	-63
 1282 04e5 05       		.byte	5
 1283 04e6 C5       		.byte	-59
 1284 04e7 D5       		.byte	-43
 1285 04e8 C7       		.byte	-57
 1286 04e9 21       		.byte	33
 1287 04ea C8       		.byte	-56
 1288 04eb 33       		.byte	51
 1289 04ec C9       		.byte	-55
 1290 04ed FF       		.byte	-1
 1291 04ee CA       		.byte	-54
 1292 04ef FF       		.byte	-1
 1293 04f0 CB       		.byte	-53
 1294 04f1 FF       		.byte	-1
 1295 04f2 CD       		.byte	-51
 1296 04f3 AF       		.byte	-81
 1297 04f4 CE       		.byte	-50
 1298 04f5 0F       		.byte	15
 1299 04f6 CF       		.byte	-49
 1300 04f7 04       		.byte	4
 1301 04f8 D0       		.byte	-48
 1302 04f9 18       		.byte	24
 1303 04fa D2       		.byte	-46
 1304 04fb 80       		.byte	-128
 1305 04fc D4       		.byte	-44
 1306 04fd 07       		.byte	7
 1307 04fe D8       		.byte	-40
 1308 04ff 04       		.byte	4
 1309 0500 D9       		.byte	-39
 1310 0501 04       		.byte	4
 1311 0502 DA       		.byte	-38
ARM GAS  C:\Users\gopik\AppData\Local\Temp\ccK0bGnX.s 			page 24


 1312 0503 04       		.byte	4
 1313 0504 DB       		.byte	-37
 1314 0505 04       		.byte	4
 1315 0506 DC       		.byte	-36
 1316 0507 11       		.byte	17
 1317 0508 DD       		.byte	-35
 1318 0509 11       		.byte	17
 1319 050a DF       		.byte	-33
 1320 050b 01       		.byte	1
 1321 050c E0       		.byte	-32
 1322 050d 40       		.byte	64
 1323 050e E2       		.byte	-30
 1324 050f C0       		.byte	-64
 1325 0510 E4       		.byte	-28
 1326 0511 40       		.byte	64
 1327 0512 E5       		.byte	-27
 1328 0513 40       		.byte	64
 1329 0514 E6       		.byte	-26
 1330 0515 C0       		.byte	-64
 1331 0516 E8       		.byte	-24
 1332 0517 C0       		.byte	-64
 1333 0518 EA       		.byte	-22
 1334 0519 C0       		.byte	-64
 1335 051a EC       		.byte	-20
 1336 051b C0       		.byte	-64
 1337 051c EE       		.byte	-18
 1338 051d C0       		.byte	-64
 1339 051e 02       		.byte	2
 1340 051f 02       		.byte	2
 1341 0520 0A       		.byte	10
 1342 0521 44       		.byte	68
 1343 0522 10       		.byte	16
 1344 0523 28       		.byte	40
 1345 0524 18       		.byte	24
 1346 0525 80       		.byte	-128
 1347 0526 19       		.byte	25
 1348 0527 04       		.byte	4
 1349 0528 1A       		.byte	26
 1350 0529 04       		.byte	4
 1351 052a 1B       		.byte	27
 1352 052b 90       		.byte	-112
 1353 052c 20       		.byte	32
 1354 052d 50       		.byte	80
 1355 052e 22       		.byte	34
 1356 052f 10       		.byte	16
 1357 0530 23       		.byte	35
 1358 0531 02       		.byte	2
 1359 0532 30       		.byte	48
 1360 0533 28       		.byte	40
 1361 0534 38       		.byte	56
 1362 0535 50       		.byte	80
 1363 0536 42       		.byte	66
 1364 0537 04       		.byte	4
 1365 0538 44       		.byte	68
 1366 0539 40       		.byte	64
 1367 053a 47       		.byte	71
 1368 053b 02       		.byte	2
ARM GAS  C:\Users\gopik\AppData\Local\Temp\ccK0bGnX.s 			page 25


 1369 053c 48       		.byte	72
 1370 053d 20       		.byte	32
 1371 053e 49       		.byte	73
 1372 053f 01       		.byte	1
 1373 0540 4A       		.byte	74
 1374 0541 02       		.byte	2
 1375 0542 4E       		.byte	78
 1376 0543 02       		.byte	2
 1377 0544 4F       		.byte	79
 1378 0545 20       		.byte	32
 1379 0546 50       		.byte	80
 1380 0547 08       		.byte	8
 1381 0548 52       		.byte	82
 1382 0549 02       		.byte	2
 1383 054a 58       		.byte	88
 1384 054b 40       		.byte	64
 1385 054c 59       		.byte	89
 1386 054d 05       		.byte	5
 1387 054e 5A       		.byte	90
 1388 054f 20       		.byte	32
 1389 0550 72       		.byte	114
 1390 0551 40       		.byte	64
 1391 0552 87       		.byte	-121
 1392 0553 02       		.byte	2
 1393 0554 8B       		.byte	-117
 1394 0555 80       		.byte	-128
 1395 0556 A3       		.byte	-93
 1396 0557 02       		.byte	2
 1397 0558 B7       		.byte	-73
 1398 0559 80       		.byte	-128
 1399 055a C0       		.byte	-64
 1400 055b 01       		.byte	1
 1401 055c C2       		.byte	-62
 1402 055d 0A       		.byte	10
 1403 055e C4       		.byte	-60
 1404 055f 06       		.byte	6
 1405 0560 CC       		.byte	-52
 1406 0561 06       		.byte	6
 1407 0562 CE       		.byte	-50
 1408 0563 0C       		.byte	12
 1409 0564 D0       		.byte	-48
 1410 0565 04       		.byte	4
 1411 0566 D2       		.byte	-46
 1412 0567 38       		.byte	56
 1413 0568 D6       		.byte	-42
 1414 0569 0F       		.byte	15
 1415 056a E2       		.byte	-30
 1416 056b 80       		.byte	-128
 1417 056c EA       		.byte	-22
 1418 056d 40       		.byte	64
 1419 056e 40       		.byte	64
 1420 056f 60       		.byte	96
 1421 0570 41       		.byte	65
 1422 0571 05       		.byte	5
 1423 0572 49       		.byte	73
 1424 0573 FF       		.byte	-1
 1425 0574 4A       		.byte	74
ARM GAS  C:\Users\gopik\AppData\Local\Temp\ccK0bGnX.s 			page 26


 1426 0575 FF       		.byte	-1
 1427 0576 4B       		.byte	75
 1428 0577 FF       		.byte	-1
 1429 0578 4D       		.byte	77
 1430 0579 A0       		.byte	-96
 1431 057a 4F       		.byte	79
 1432 057b 04       		.byte	4
 1433 057c 50       		.byte	80
 1434 057d 18       		.byte	24
 1435 057e 5A       		.byte	90
 1436 057f 04       		.byte	4
 1437 0580 5D       		.byte	93
 1438 0581 07       		.byte	7
 1439 0582 5F       		.byte	95
 1440 0583 01       		.byte	1
 1441 0584 60       		.byte	96
 1442 0585 40       		.byte	64
 1443 0586 62       		.byte	98
 1444 0587 C0       		.byte	-64
 1445 0588 64       		.byte	100
 1446 0589 40       		.byte	64
 1447 058a 65       		.byte	101
 1448 058b 40       		.byte	64
 1449 058c 66       		.byte	102
 1450 058d C0       		.byte	-64
 1451 058e 68       		.byte	104
 1452 058f C0       		.byte	-64
 1453 0590 6A       		.byte	106
 1454 0591 C0       		.byte	-64
 1455 0592 6C       		.byte	108
 1456 0593 C0       		.byte	-64
 1457 0594 6E       		.byte	110
 1458 0595 C0       		.byte	-64
 1459 0596 89       		.byte	-119
 1460 0597 02       		.byte	2
 1461 0598 8D       		.byte	-115
 1462 0599 08       		.byte	8
 1463 059a 8E       		.byte	-114
 1464 059b 02       		.byte	2
 1465 059c 92       		.byte	-110
 1466 059d 01       		.byte	1
 1467 059e 97       		.byte	-105
 1468 059f 03       		.byte	3
 1469 05a0 9A       		.byte	-102
 1470 05a1 0E       		.byte	14
 1471 05a2 9B       		.byte	-101
 1472 05a3 0C       		.byte	12
 1473 05a4 A6       		.byte	-90
 1474 05a5 08       		.byte	8
 1475 05a6 AA       		.byte	-86
 1476 05a7 04       		.byte	4
 1477 05a8 B0       		.byte	-80
 1478 05a9 04       		.byte	4
 1479 05aa B1       		.byte	-79
 1480 05ab 04       		.byte	4
 1481 05ac B2       		.byte	-78
 1482 05ad 02       		.byte	2
ARM GAS  C:\Users\gopik\AppData\Local\Temp\ccK0bGnX.s 			page 27


 1483 05ae B3       		.byte	-77
 1484 05af 01       		.byte	1
 1485 05b0 B4       		.byte	-76
 1486 05b1 01       		.byte	1
 1487 05b2 B5       		.byte	-75
 1488 05b3 08       		.byte	8
 1489 05b4 B6       		.byte	-74
 1490 05b5 08       		.byte	8
 1491 05b6 B7       		.byte	-73
 1492 05b7 02       		.byte	2
 1493 05b8 BE       		.byte	-66
 1494 05b9 04       		.byte	4
 1495 05ba C0       		.byte	-64
 1496 05bb 20       		.byte	32
 1497 05bc C1       		.byte	-63
 1498 05bd 05       		.byte	5
 1499 05be C5       		.byte	-59
 1500 05bf D5       		.byte	-43
 1501 05c0 C7       		.byte	-57
 1502 05c1 21       		.byte	33
 1503 05c2 C8       		.byte	-56
 1504 05c3 33       		.byte	51
 1505 05c4 C9       		.byte	-55
 1506 05c5 FF       		.byte	-1
 1507 05c6 CA       		.byte	-54
 1508 05c7 FF       		.byte	-1
 1509 05c8 CB       		.byte	-53
 1510 05c9 FF       		.byte	-1
 1511 05ca CD       		.byte	-51
 1512 05cb AF       		.byte	-81
 1513 05cc CE       		.byte	-50
 1514 05cd 0F       		.byte	15
 1515 05ce CF       		.byte	-49
 1516 05cf 04       		.byte	4
 1517 05d0 D0       		.byte	-48
 1518 05d1 18       		.byte	24
 1519 05d2 D2       		.byte	-46
 1520 05d3 80       		.byte	-128
 1521 05d4 D4       		.byte	-44
 1522 05d5 07       		.byte	7
 1523 05d6 D8       		.byte	-40
 1524 05d7 04       		.byte	4
 1525 05d8 D9       		.byte	-39
 1526 05d9 04       		.byte	4
 1527 05da DA       		.byte	-38
 1528 05db 04       		.byte	4
 1529 05dc DB       		.byte	-37
 1530 05dd 04       		.byte	4
 1531 05de DC       		.byte	-36
 1532 05df 77       		.byte	119
 1533 05e0 DD       		.byte	-35
 1534 05e1 77       		.byte	119
 1535 05e2 DF       		.byte	-33
 1536 05e3 01       		.byte	1
 1537 05e4 E0       		.byte	-32
 1538 05e5 40       		.byte	64
 1539 05e6 E2       		.byte	-30
ARM GAS  C:\Users\gopik\AppData\Local\Temp\ccK0bGnX.s 			page 28


 1540 05e7 C0       		.byte	-64
 1541 05e8 E4       		.byte	-28
 1542 05e9 40       		.byte	64
 1543 05ea E5       		.byte	-27
 1544 05eb 40       		.byte	64
 1545 05ec E6       		.byte	-26
 1546 05ed C0       		.byte	-64
 1547 05ee E8       		.byte	-24
 1548 05ef C0       		.byte	-64
 1549 05f0 EA       		.byte	-22
 1550 05f1 C0       		.byte	-64
 1551 05f2 EC       		.byte	-20
 1552 05f3 C0       		.byte	-64
 1553 05f4 EE       		.byte	-18
 1554 05f5 C0       		.byte	-64
 1555 05f6 02       		.byte	2
 1556 05f7 02       		.byte	2
 1557 05f8 0A       		.byte	10
 1558 05f9 44       		.byte	68
 1559 05fa 10       		.byte	16
 1560 05fb 28       		.byte	40
 1561 05fc 18       		.byte	24
 1562 05fd 01       		.byte	1
 1563 05fe 19       		.byte	25
 1564 05ff 04       		.byte	4
 1565 0600 1A       		.byte	26
 1566 0601 04       		.byte	4
 1567 0602 1B       		.byte	27
 1568 0603 11       		.byte	17
 1569 0604 20       		.byte	32
 1570 0605 50       		.byte	80
 1571 0606 22       		.byte	34
 1572 0607 50       		.byte	80
 1573 0608 30       		.byte	48
 1574 0609 28       		.byte	40
 1575 060a 38       		.byte	56
 1576 060b 50       		.byte	80
 1577 060c 42       		.byte	66
 1578 060d 04       		.byte	4
 1579 060e 48       		.byte	72
 1580 060f 20       		.byte	32
 1581 0610 49       		.byte	73
 1582 0611 01       		.byte	1
 1583 0612 4A       		.byte	74
 1584 0613 02       		.byte	2
 1585 0614 4E       		.byte	78
 1586 0615 02       		.byte	2
 1587 0616 4F       		.byte	79
 1588 0617 20       		.byte	32
 1589 0618 50       		.byte	80
 1590 0619 08       		.byte	8
 1591 061a 52       		.byte	82
 1592 061b 02       		.byte	2
 1593 061c 59       		.byte	89
 1594 061d 05       		.byte	5
 1595 061e 5A       		.byte	90
 1596 061f A0       		.byte	-96
ARM GAS  C:\Users\gopik\AppData\Local\Temp\ccK0bGnX.s 			page 29


 1597 0620 72       		.byte	114
 1598 0621 40       		.byte	64
 1599 0622 8B       		.byte	-117
 1600 0623 01       		.byte	1
 1601 0624 8C       		.byte	-116
 1602 0625 01       		.byte	1
 1603 0626 AD       		.byte	-83
 1604 0627 40       		.byte	64
 1605 0628 C0       		.byte	-64
 1606 0629 01       		.byte	1
 1607 062a C2       		.byte	-62
 1608 062b 0A       		.byte	10
 1609 062c C4       		.byte	-60
 1610 062d 06       		.byte	6
 1611 062e CC       		.byte	-52
 1612 062f 06       		.byte	6
 1613 0630 CE       		.byte	-50
 1614 0631 0C       		.byte	12
 1615 0632 D0       		.byte	-48
 1616 0633 04       		.byte	4
 1617 0634 D2       		.byte	-46
 1618 0635 38       		.byte	56
 1619 0636 D6       		.byte	-42
 1620 0637 0F       		.byte	15
 1621 0638 EC       		.byte	-20
 1622 0639 08       		.byte	8
 1623 063a 40       		.byte	64
 1624 063b 30       		.byte	48
 1625 063c 41       		.byte	65
 1626 063d 02       		.byte	2
 1627 063e 49       		.byte	73
 1628 063f FF       		.byte	-1
 1629 0640 4A       		.byte	74
 1630 0641 FF       		.byte	-1
 1631 0642 4B       		.byte	75
 1632 0643 FF       		.byte	-1
 1633 0644 4D       		.byte	77
 1634 0645 A0       		.byte	-96
 1635 0646 4F       		.byte	79
 1636 0647 04       		.byte	4
 1637 0648 50       		.byte	80
 1638 0649 18       		.byte	24
 1639 064a 5A       		.byte	90
 1640 064b 04       		.byte	4
 1641 064c 5D       		.byte	93
 1642 064d 04       		.byte	4
 1643 064e 5F       		.byte	95
 1644 064f 01       		.byte	1
 1645 0650 60       		.byte	96
 1646 0651 40       		.byte	64
 1647 0652 62       		.byte	98
 1648 0653 C0       		.byte	-64
 1649 0654 64       		.byte	100
 1650 0655 40       		.byte	64
 1651 0656 65       		.byte	101
 1652 0657 40       		.byte	64
 1653 0658 66       		.byte	102
ARM GAS  C:\Users\gopik\AppData\Local\Temp\ccK0bGnX.s 			page 30


 1654 0659 C0       		.byte	-64
 1655 065a 68       		.byte	104
 1656 065b C0       		.byte	-64
 1657 065c 6A       		.byte	106
 1658 065d C0       		.byte	-64
 1659 065e 6C       		.byte	108
 1660 065f C0       		.byte	-64
 1661 0660 6E       		.byte	110
 1662 0661 C0       		.byte	-64
 1663 0662 83       		.byte	-125
 1664 0663 0C       		.byte	12
 1665 0664 87       		.byte	-121
 1666 0665 03       		.byte	3
 1667 0666 8A       		.byte	-118
 1668 0667 0E       		.byte	14
 1669 0668 91       		.byte	-111
 1670 0669 02       		.byte	2
 1671 066a 96       		.byte	-106
 1672 066b 02       		.byte	2
 1673 066c 99       		.byte	-103
 1674 066d 08       		.byte	8
 1675 066e 9E       		.byte	-98
 1676 066f 04       		.byte	4
 1677 0670 AA       		.byte	-86
 1678 0671 08       		.byte	8
 1679 0672 AE       		.byte	-82
 1680 0673 01       		.byte	1
 1681 0674 B0       		.byte	-80
 1682 0675 08       		.byte	8
 1683 0676 B1       		.byte	-79
 1684 0677 02       		.byte	2
 1685 0678 B2       		.byte	-78
 1686 0679 01       		.byte	1
 1687 067a B3       		.byte	-77
 1688 067b 08       		.byte	8
 1689 067c B4       		.byte	-76
 1690 067d 02       		.byte	2
 1691 067e B5       		.byte	-75
 1692 067f 04       		.byte	4
 1693 0680 B6       		.byte	-74
 1694 0681 04       		.byte	4
 1695 0682 B7       		.byte	-73
 1696 0683 01       		.byte	1
 1697 0684 BE       		.byte	-66
 1698 0685 10       		.byte	16
 1699 0686 C0       		.byte	-64
 1700 0687 30       		.byte	48
 1701 0688 C1       		.byte	-63
 1702 0689 02       		.byte	2
 1703 068a C5       		.byte	-59
 1704 068b D0       		.byte	-48
 1705 068c C6       		.byte	-58
 1706 068d 20       		.byte	32
 1707 068e C7       		.byte	-57
 1708 068f 51       		.byte	81
 1709 0690 C8       		.byte	-56
 1710 0691 3A       		.byte	58
ARM GAS  C:\Users\gopik\AppData\Local\Temp\ccK0bGnX.s 			page 31


 1711 0692 C9       		.byte	-55
 1712 0693 FF       		.byte	-1
 1713 0694 CA       		.byte	-54
 1714 0695 FF       		.byte	-1
 1715 0696 CB       		.byte	-53
 1716 0697 FF       		.byte	-1
 1717 0698 CD       		.byte	-51
 1718 0699 AF       		.byte	-81
 1719 069a CE       		.byte	-50
 1720 069b 0F       		.byte	15
 1721 069c CF       		.byte	-49
 1722 069d 04       		.byte	4
 1723 069e D0       		.byte	-48
 1724 069f 18       		.byte	24
 1725 06a0 D2       		.byte	-46
 1726 06a1 80       		.byte	-128
 1727 06a2 D4       		.byte	-44
 1728 06a3 07       		.byte	7
 1729 06a4 D8       		.byte	-40
 1730 06a5 04       		.byte	4
 1731 06a6 D9       		.byte	-39
 1732 06a7 04       		.byte	4
 1733 06a8 DA       		.byte	-38
 1734 06a9 04       		.byte	4
 1735 06aa DB       		.byte	-37
 1736 06ab 04       		.byte	4
 1737 06ac DC       		.byte	-36
 1738 06ad 44       		.byte	68
 1739 06ae DD       		.byte	-35
 1740 06af 44       		.byte	68
 1741 06b0 DF       		.byte	-33
 1742 06b1 01       		.byte	1
 1743 06b2 E0       		.byte	-32
 1744 06b3 40       		.byte	64
 1745 06b4 E2       		.byte	-30
 1746 06b5 C0       		.byte	-64
 1747 06b6 E4       		.byte	-28
 1748 06b7 40       		.byte	64
 1749 06b8 E5       		.byte	-27
 1750 06b9 40       		.byte	64
 1751 06ba E6       		.byte	-26
 1752 06bb C0       		.byte	-64
 1753 06bc E8       		.byte	-24
 1754 06bd C0       		.byte	-64
 1755 06be EA       		.byte	-22
 1756 06bf C0       		.byte	-64
 1757 06c0 EC       		.byte	-20
 1758 06c1 C0       		.byte	-64
 1759 06c2 EE       		.byte	-18
 1760 06c3 C0       		.byte	-64
 1761 06c4 04       		.byte	4
 1762 06c5 10       		.byte	16
 1763 06c6 0F       		.byte	15
 1764 06c7 22       		.byte	34
 1765 06c8 16       		.byte	22
 1766 06c9 08       		.byte	8
 1767 06ca 17       		.byte	23
ARM GAS  C:\Users\gopik\AppData\Local\Temp\ccK0bGnX.s 			page 32


 1768 06cb 40       		.byte	64
 1769 06cc 1C       		.byte	28
 1770 06cd 10       		.byte	16
 1771 06ce 1D       		.byte	29
 1772 06cf 88       		.byte	-120
 1773 06d0 1E       		.byte	30
 1774 06d1 08       		.byte	8
 1775 06d2 1F       		.byte	31
 1776 06d3 02       		.byte	2
 1777 06d4 24       		.byte	36
 1778 06d5 40       		.byte	64
 1779 06d6 26       		.byte	38
 1780 06d7 20       		.byte	32
 1781 06d8 27       		.byte	39
 1782 06d9 22       		.byte	34
 1783 06da 36       		.byte	54
 1784 06db 20       		.byte	32
 1785 06dc 37       		.byte	55
 1786 06dd 02       		.byte	2
 1787 06de 3E       		.byte	62
 1788 06df 08       		.byte	8
 1789 06e0 3F       		.byte	63
 1790 06e1 02       		.byte	2
 1791 06e2 40       		.byte	64
 1792 06e3 10       		.byte	16
 1793 06e4 41       		.byte	65
 1794 06e5 20       		.byte	32
 1795 06e6 45       		.byte	69
 1796 06e7 28       		.byte	40
 1797 06e8 4F       		.byte	79
 1798 06e9 01       		.byte	1
 1799 06ea 55       		.byte	85
 1800 06eb 20       		.byte	32
 1801 06ec 56       		.byte	86
 1802 06ed 08       		.byte	8
 1803 06ee 57       		.byte	87
 1804 06ef 11       		.byte	17
 1805 06f0 5C       		.byte	92
 1806 06f1 40       		.byte	64
 1807 06f2 5E       		.byte	94
 1808 06f3 08       		.byte	8
 1809 06f4 5F       		.byte	95
 1810 06f5 21       		.byte	33
 1811 06f6 77       		.byte	119
 1812 06f7 40       		.byte	64
 1813 06f8 85       		.byte	-123
 1814 06f9 80       		.byte	-128
 1815 06fa 87       		.byte	-121
 1816 06fb 02       		.byte	2
 1817 06fc C0       		.byte	-64
 1818 06fd 40       		.byte	64
 1819 06fe C2       		.byte	-62
 1820 06ff A0       		.byte	-96
 1821 0700 C4       		.byte	-60
 1822 0701 C0       		.byte	-64
 1823 0702 CC       		.byte	-52
 1824 0703 A0       		.byte	-96
ARM GAS  C:\Users\gopik\AppData\Local\Temp\ccK0bGnX.s 			page 33


 1825 0704 CE       		.byte	-50
 1826 0705 C0       		.byte	-64
 1827 0706 D0       		.byte	-48
 1828 0707 66       		.byte	102
 1829 0708 D6       		.byte	-42
 1830 0709 F0       		.byte	-16
 1831 070a E0       		.byte	-32
 1832 070b 08       		.byte	8
 1833 070c E4       		.byte	-28
 1834 070d 02       		.byte	2
 1835 070e 50       		.byte	80
 1836 070f 10       		.byte	16
 1837 0710 55       		.byte	85
 1838 0711 01       		.byte	1
 1839 0712 D4       		.byte	-44
 1840 0713 20       		.byte	32
 1841 0714 D6       		.byte	-42
 1842 0715 20       		.byte	32
 1843 0716 87       		.byte	-121
 1844 0717 08       		.byte	8
 1845 0718 94       		.byte	-108
 1846 0719 20       		.byte	32
 1847 071a A5       		.byte	-91
 1848 071b 01       		.byte	1
 1849 071c E2       		.byte	-30
 1850 071d 10       		.byte	16
 1851 071e 93       		.byte	-109
 1852 071f 20       		.byte	32
 1853 0720 94       		.byte	-108
 1854 0721 20       		.byte	32
 1855 0722 9B       		.byte	-101
 1856 0723 08       		.byte	8
 1857 0724 A5       		.byte	-91
 1858 0725 01       		.byte	1
 1859 0726 B3       		.byte	-77
 1860 0727 10       		.byte	16
 1861 0728 72       		.byte	114
 1862 0729 10       		.byte	16
 1863 072a 76       		.byte	118
 1864 072b 80       		.byte	-128
 1865 072c DC       		.byte	-36
 1866 072d 01       		.byte	1
 1867 072e DE       		.byte	-34
 1868 072f 04       		.byte	4
 1869 0730 53       		.byte	83
 1870 0731 40       		.byte	64
 1871 0732 54       		.byte	84
 1872 0733 08       		.byte	8
 1873 0734 58       		.byte	88
 1874 0735 20       		.byte	32
 1875 0736 5A       		.byte	90
 1876 0737 01       		.byte	1
 1877 0738 67       		.byte	103
 1878 0739 20       		.byte	32
 1879 073a 96       		.byte	-106
 1880 073b 10       		.byte	16
 1881 073c 9E       		.byte	-98
ARM GAS  C:\Users\gopik\AppData\Local\Temp\ccK0bGnX.s 			page 34


 1882 073d 80       		.byte	-128
 1883 073e D4       		.byte	-44
 1884 073f 07       		.byte	7
 1885 0740 D6       		.byte	-42
 1886 0741 02       		.byte	2
 1887 0742 D8       		.byte	-40
 1888 0743 01       		.byte	1
 1889 0744 8B       		.byte	-117
 1890 0745 40       		.byte	64
 1891 0746 8E       		.byte	-114
 1892 0747 80       		.byte	-128
 1893 0748 96       		.byte	-106
 1894 0749 01       		.byte	1
 1895 074a 97       		.byte	-105
 1896 074b A0       		.byte	-96
 1897 074c 9C       		.byte	-100
 1898 074d 20       		.byte	32
 1899 074e 9E       		.byte	-98
 1900 074f 80       		.byte	-128
 1901 0750 A4       		.byte	-92
 1902 0751 08       		.byte	8
 1903 0752 AA       		.byte	-86
 1904 0753 10       		.byte	16
 1905 0754 E4       		.byte	-28
 1906 0755 09       		.byte	9
 1907 0756 96       		.byte	-106
 1908 0757 01       		.byte	1
 1909 0758 97       		.byte	-105
 1910 0759 20       		.byte	32
 1911 075a 9C       		.byte	-100
 1912 075b 20       		.byte	32
 1913 075c A4       		.byte	-92
 1914 075d 08       		.byte	8
 1915 075e 86       		.byte	-122
 1916 075f 20       		.byte	32
 1917 0760 8B       		.byte	-117
 1918 0761 01       		.byte	1
 1919 0762 93       		.byte	-109
 1920 0763 20       		.byte	32
 1921 0764 94       		.byte	-108
 1922 0765 20       		.byte	32
 1923 0766 9B       		.byte	-101
 1924 0767 08       		.byte	8
 1925 0768 A2       		.byte	-94
 1926 0769 80       		.byte	-128
 1927 076a A5       		.byte	-91
 1928 076b 01       		.byte	1
 1929 076c B6       		.byte	-74
 1930 076d 80       		.byte	-128
 1931 076e E2       		.byte	-30
 1932 076f 10       		.byte	16
 1933 0770 52       		.byte	82
 1934 0771 80       		.byte	-128
 1935 0772 56       		.byte	86
 1936 0773 20       		.byte	32
 1937 0774 5F       		.byte	95
 1938 0775 08       		.byte	8
ARM GAS  C:\Users\gopik\AppData\Local\Temp\ccK0bGnX.s 			page 35


 1939 0776 67       		.byte	103
 1940 0777 20       		.byte	32
 1941 0778 77       		.byte	119
 1942 0779 80       		.byte	-128
 1943 077a 7B       		.byte	123
 1944 077b 01       		.byte	1
 1945 077c 83       		.byte	-125
 1946 077d 80       		.byte	-128
 1947 077e 8C       		.byte	-116
 1948 077f 10       		.byte	16
 1949 0780 8D       		.byte	-115
 1950 0781 01       		.byte	1
 1951 0782 93       		.byte	-109
 1952 0783 20       		.byte	32
 1953 0784 94       		.byte	-108
 1954 0785 20       		.byte	32
 1955 0786 9A       		.byte	-102
 1956 0787 20       		.byte	32
 1957 0788 9B       		.byte	-101
 1958 0789 08       		.byte	8
 1959 078a A2       		.byte	-94
 1960 078b 80       		.byte	-128
 1961 078c A3       		.byte	-93
 1962 078d 01       		.byte	1
 1963 078e A5       		.byte	-91
 1964 078f 01       		.byte	1
 1965 0790 D4       		.byte	-44
 1966 0791 60       		.byte	96
 1967 0792 D6       		.byte	-42
 1968 0793 80       		.byte	-128
 1969 0794 D8       		.byte	-40
 1970 0795 80       		.byte	-128
 1971 0796 DC       		.byte	-36
 1972 0797 80       		.byte	-128
 1973 0798 DE       		.byte	-34
 1974 0799 20       		.byte	32
 1975 079a E2       		.byte	-30
 1976 079b 80       		.byte	-128
 1977 079c 63       		.byte	99
 1978 079d 02       		.byte	2
 1979 079e 88       		.byte	-120
 1980 079f 20       		.byte	32
 1981 07a0 8C       		.byte	-116
 1982 07a1 08       		.byte	8
 1983 07a2 96       		.byte	-106
 1984 07a3 01       		.byte	1
 1985 07a4 97       		.byte	-105
 1986 07a5 20       		.byte	32
 1987 07a6 9C       		.byte	-100
 1988 07a7 20       		.byte	32
 1989 07a8 A3       		.byte	-93
 1990 07a9 01       		.byte	1
 1991 07aa A4       		.byte	-92
 1992 07ab 08       		.byte	8
 1993 07ac AF       		.byte	-81
 1994 07ad 01       		.byte	1
 1995 07ae D6       		.byte	-42
ARM GAS  C:\Users\gopik\AppData\Local\Temp\ccK0bGnX.s 			page 36


 1996 07af 02       		.byte	2
 1997 07b0 E0       		.byte	-32
 1998 07b1 01       		.byte	1
 1999 07b2 E4       		.byte	-28
 2000 07b3 08       		.byte	8
 2001 07b4 86       		.byte	-122
 2002 07b5 01       		.byte	1
 2003 07b6 87       		.byte	-121
 2004 07b7 10       		.byte	16
 2005 07b8 96       		.byte	-106
 2006 07b9 01       		.byte	1
 2007 07ba 97       		.byte	-105
 2008 07bb 20       		.byte	32
 2009 07bc 00       		.byte	0
 2010 07bd 69       		.byte	105
 2011 07be 0A       		.byte	10
 2012 07bf 21       		.byte	33
 2013 07c0 0C       		.byte	12
 2014 07c1 48       		.byte	72
 2015 07c2 10       		.byte	16
 2016 07c3 96       		.byte	-106
 2017 07c4 1A       		.byte	26
 2018 07c5 06       		.byte	6
 2019 07c6 1C       		.byte	28
 2020 07c7 90       		.byte	-112
 2021 07c8 00       		.byte	0
 2022 07c9 03       		.byte	3
 2023 07ca 03       		.byte	3
 2024 07cb 00       		.byte	0
 2025 07cc 03       		.byte	3
 2026 07cd 00       		.byte	0
 2027 07ce 00       		.byte	0
 2028 07cf 00       		.byte	0
 2029 07d0 00       		.byte	0
 2030 07d1 CC       		.byte	-52
 2031 07d2 CC       		.byte	-52
 2032 07d3 00       		.byte	0
 2033 07d4 CC       		.byte	-52
 2034 07d5 00       		.byte	0
 2035 07d6 00       		.byte	0
 2036 07d7 00       		.byte	0
 2037 07d8 00       		.byte	0
 2038 07d9 4B       		.byte	75
 2039 07da 4B       		.byte	75
 2040 07db 00       		.byte	0
 2041 07dc 40       		.byte	64
 2042 07dd 00       		.byte	0
 2043 07de 00       		.byte	0
 2044 07df 00       		.byte	0
 2045 07e0 00       		.byte	0
 2046 07e1 C7       		.byte	-57
 2047 07e2 C7       		.byte	-57
 2048 07e3 00       		.byte	0
 2049 07e4 C7       		.byte	-57
 2050 07e5 00       		.byte	0
 2051 07e6 00       		.byte	0
 2052 07e7 00       		.byte	0
ARM GAS  C:\Users\gopik\AppData\Local\Temp\ccK0bGnX.s 			page 37


 2053 07e8 00       		.byte	0
 2054 07e9 C3       		.byte	-61
 2055 07ea C3       		.byte	-61
 2056 07eb 00       		.byte	0
 2057 07ec C3       		.byte	-61
 2058 07ed 00       		.byte	0
 2059 07ee 00       		.byte	0
 2060 07ef 00       		.byte	0
 2061              		.section	.cywolatch,"a",%progbits
 2062              		.align	2
 2063              		.type	cy_meta_wonvl, %object
 2064              		.size	cy_meta_wonvl, 4
 2065              	cy_meta_wonvl:
 2066 0000 BC       		.byte	-68
 2067 0001 90       		.byte	-112
 2068 0002 AC       		.byte	-84
 2069 0003 AF       		.byte	-81
 2070              		.section	.cycustnvl,"a",%progbits
 2071              		.align	2
 2072              		.type	cy_meta_custnvl, %object
 2073              		.size	cy_meta_custnvl, 4
 2074              	cy_meta_custnvl:
 2075 0000 00       		.byte	0
 2076 0001 00       		.byte	0
 2077 0002 40       		.byte	64
 2078 0003 05       		.byte	5
 2079              		.section	.cymeta,"a",%progbits
 2080              		.align	2
 2081              		.type	cy_metadata, %object
 2082              		.size	cy_metadata, 12
 2083              	cy_metadata:
 2084 0000 00       		.byte	0
 2085 0001 01       		.byte	1
 2086 0002 2E       		.byte	46
 2087 0003 16       		.byte	22
 2088 0004 10       		.byte	16
 2089 0005 69       		.byte	105
 2090 0006 00       		.byte	0
 2091 0007 01       		.byte	1
 2092 0008 00       		.byte	0
 2093 0009 00       		.byte	0
 2094 000a 00       		.byte	0
 2095 000b 00       		.byte	0
 2096              		.section	.cyflashprotect,"a",%progbits
 2097              		.align	2
 2098              		.type	cy_meta_flashprotect, %object
 2099              		.size	cy_meta_flashprotect, 256
 2100              	cy_meta_flashprotect:
 2101 0000 00000000 		.space	256
 2101      00000000 
 2101      00000000 
 2101      00000000 
 2101      00000000 
 2102              		.text
 2103              	.Letext0:
 2104              		.file 1 "c:\\program files (x86)\\cypress\\psoc creator\\4.1\\psoc creator\\import\\gnu\\arm\\5.4.
 2105              		.file 2 "c:\\program files (x86)\\cypress\\psoc creator\\4.1\\psoc creator\\import\\gnu\\arm\\5.4.
ARM GAS  C:\Users\gopik\AppData\Local\Temp\ccK0bGnX.s 			page 38


 2106              		.file 3 "Generated_Source\\PSoC5\\cymetadata.c"
 2107              		.section	.debug_info,"",%progbits
 2108              	.Ldebug_info0:
 2109 0000 35010000 		.4byte	0x135
 2110 0004 0400     		.2byte	0x4
 2111 0006 00000000 		.4byte	.Ldebug_abbrev0
 2112 000a 04       		.byte	0x4
 2113 000b 01       		.uleb128 0x1
 2114 000c 24000000 		.4byte	.LASF17
 2115 0010 0C       		.byte	0xc
 2116 0011 C8010000 		.4byte	.LASF18
 2117 0015 5F010000 		.4byte	.LASF19
 2118 0019 00000000 		.4byte	.Ldebug_line0
 2119 001d 02       		.uleb128 0x2
 2120 001e 01       		.byte	0x1
 2121 001f 06       		.byte	0x6
 2122 0020 BC010000 		.4byte	.LASF0
 2123 0024 03       		.uleb128 0x3
 2124 0025 00000000 		.4byte	.LASF9
 2125 0029 01       		.byte	0x1
 2126 002a 1D       		.byte	0x1d
 2127 002b 2F000000 		.4byte	0x2f
 2128 002f 02       		.uleb128 0x2
 2129 0030 01       		.byte	0x1
 2130 0031 08       		.byte	0x8
 2131 0032 16000000 		.4byte	.LASF1
 2132 0036 02       		.uleb128 0x2
 2133 0037 02       		.byte	0x2
 2134 0038 05       		.byte	0x5
 2135 0039 A9010000 		.4byte	.LASF2
 2136 003d 02       		.uleb128 0x2
 2137 003e 02       		.byte	0x2
 2138 003f 07       		.byte	0x7
 2139 0040 C4000000 		.4byte	.LASF3
 2140 0044 02       		.uleb128 0x2
 2141 0045 04       		.byte	0x4
 2142 0046 05       		.byte	0x5
 2143 0047 B3010000 		.4byte	.LASF4
 2144 004b 02       		.uleb128 0x2
 2145 004c 04       		.byte	0x4
 2146 004d 07       		.byte	0x7
 2147 004e B2000000 		.4byte	.LASF5
 2148 0052 02       		.uleb128 0x2
 2149 0053 08       		.byte	0x8
 2150 0054 05       		.byte	0x5
 2151 0055 51010000 		.4byte	.LASF6
 2152 0059 02       		.uleb128 0x2
 2153 005a 08       		.byte	0x8
 2154 005b 07       		.byte	0x7
 2155 005c 06010000 		.4byte	.LASF7
 2156 0060 04       		.uleb128 0x4
 2157 0061 04       		.byte	0x4
 2158 0062 05       		.byte	0x5
 2159 0063 696E7400 		.ascii	"int\000"
 2160 0067 02       		.uleb128 0x2
 2161 0068 04       		.byte	0x4
 2162 0069 07       		.byte	0x7
ARM GAS  C:\Users\gopik\AppData\Local\Temp\ccK0bGnX.s 			page 39


 2163 006a F9000000 		.4byte	.LASF8
 2164 006e 03       		.uleb128 0x3
 2165 006f 1D010000 		.4byte	.LASF10
 2166 0073 02       		.byte	0x2
 2167 0074 18       		.byte	0x18
 2168 0075 24000000 		.4byte	0x24
 2169 0079 05       		.uleb128 0x5
 2170 007a 91000000 		.4byte	0x91
 2171 007e 8A000000 		.4byte	0x8a
 2172 0082 06       		.uleb128 0x6
 2173 0083 8A000000 		.4byte	0x8a
 2174 0087 EF07     		.2byte	0x7ef
 2175 0089 00       		.byte	0
 2176 008a 02       		.uleb128 0x2
 2177 008b 04       		.byte	0x4
 2178 008c 07       		.byte	0x7
 2179 008d 48010000 		.4byte	.LASF11
 2180 0091 07       		.uleb128 0x7
 2181 0092 6E000000 		.4byte	0x6e
 2182 0096 08       		.uleb128 0x8
 2183 0097 E7000000 		.4byte	.LASF12
 2184 009b 03       		.byte	0x3
 2185 009c 1F       		.byte	0x1f
 2186 009d A7000000 		.4byte	0xa7
 2187 00a1 05       		.uleb128 0x5
 2188 00a2 03       		.byte	0x3
 2189 00a3 00000000 		.4byte	cy_meta_configecc
 2190 00a7 07       		.uleb128 0x7
 2191 00a8 79000000 		.4byte	0x79
 2192 00ac 05       		.uleb128 0x5
 2193 00ad 91000000 		.4byte	0x91
 2194 00b1 BC000000 		.4byte	0xbc
 2195 00b5 09       		.uleb128 0x9
 2196 00b6 8A000000 		.4byte	0x8a
 2197 00ba 03       		.byte	0x3
 2198 00bb 00       		.byte	0
 2199 00bc 0A       		.uleb128 0xa
 2200 00bd D7000000 		.4byte	.LASF13
 2201 00c1 03       		.byte	0x3
 2202 00c2 2A01     		.2byte	0x12a
 2203 00c4 CE000000 		.4byte	0xce
 2204 00c8 05       		.uleb128 0x5
 2205 00c9 03       		.byte	0x3
 2206 00ca 00000000 		.4byte	cy_meta_custnvl
 2207 00ce 07       		.uleb128 0x7
 2208 00cf AC000000 		.4byte	0xac
 2209 00d3 0A       		.uleb128 0xa
 2210 00d4 3A010000 		.4byte	.LASF14
 2211 00d8 03       		.byte	0x3
 2212 00d9 3801     		.2byte	0x138
 2213 00db E5000000 		.4byte	0xe5
 2214 00df 05       		.uleb128 0x5
 2215 00e0 03       		.byte	0x3
 2216 00e1 00000000 		.4byte	cy_meta_wonvl
 2217 00e5 07       		.uleb128 0x7
 2218 00e6 AC000000 		.4byte	0xac
 2219 00ea 05       		.uleb128 0x5
ARM GAS  C:\Users\gopik\AppData\Local\Temp\ccK0bGnX.s 			page 40


 2220 00eb 91000000 		.4byte	0x91
 2221 00ef FA000000 		.4byte	0xfa
 2222 00f3 09       		.uleb128 0x9
 2223 00f4 8A000000 		.4byte	0x8a
 2224 00f8 FF       		.byte	0xff
 2225 00f9 00       		.byte	0
 2226 00fa 0A       		.uleb128 0xa
 2227 00fb 25010000 		.4byte	.LASF15
 2228 00ff 03       		.byte	0x3
 2229 0100 4601     		.2byte	0x146
 2230 0102 0C010000 		.4byte	0x10c
 2231 0106 05       		.uleb128 0x5
 2232 0107 03       		.byte	0x3
 2233 0108 00000000 		.4byte	cy_meta_flashprotect
 2234 010c 07       		.uleb128 0x7
 2235 010d EA000000 		.4byte	0xea
 2236 0111 05       		.uleb128 0x5
 2237 0112 91000000 		.4byte	0x91
 2238 0116 21010000 		.4byte	0x121
 2239 011a 09       		.uleb128 0x9
 2240 011b 8A000000 		.4byte	0x8a
 2241 011f 0B       		.byte	0xb
 2242 0120 00       		.byte	0
 2243 0121 0A       		.uleb128 0xa
 2244 0122 0A000000 		.4byte	.LASF16
 2245 0126 03       		.byte	0x3
 2246 0127 7301     		.2byte	0x173
 2247 0129 33010000 		.4byte	0x133
 2248 012d 05       		.uleb128 0x5
 2249 012e 03       		.byte	0x3
 2250 012f 00000000 		.4byte	cy_metadata
 2251 0133 07       		.uleb128 0x7
 2252 0134 11010000 		.4byte	0x111
 2253 0138 00       		.byte	0
 2254              		.section	.debug_abbrev,"",%progbits
 2255              	.Ldebug_abbrev0:
 2256 0000 01       		.uleb128 0x1
 2257 0001 11       		.uleb128 0x11
 2258 0002 01       		.byte	0x1
 2259 0003 25       		.uleb128 0x25
 2260 0004 0E       		.uleb128 0xe
 2261 0005 13       		.uleb128 0x13
 2262 0006 0B       		.uleb128 0xb
 2263 0007 03       		.uleb128 0x3
 2264 0008 0E       		.uleb128 0xe
 2265 0009 1B       		.uleb128 0x1b
 2266 000a 0E       		.uleb128 0xe
 2267 000b 10       		.uleb128 0x10
 2268 000c 17       		.uleb128 0x17
 2269 000d 00       		.byte	0
 2270 000e 00       		.byte	0
 2271 000f 02       		.uleb128 0x2
 2272 0010 24       		.uleb128 0x24
 2273 0011 00       		.byte	0
 2274 0012 0B       		.uleb128 0xb
 2275 0013 0B       		.uleb128 0xb
 2276 0014 3E       		.uleb128 0x3e
ARM GAS  C:\Users\gopik\AppData\Local\Temp\ccK0bGnX.s 			page 41


 2277 0015 0B       		.uleb128 0xb
 2278 0016 03       		.uleb128 0x3
 2279 0017 0E       		.uleb128 0xe
 2280 0018 00       		.byte	0
 2281 0019 00       		.byte	0
 2282 001a 03       		.uleb128 0x3
 2283 001b 16       		.uleb128 0x16
 2284 001c 00       		.byte	0
 2285 001d 03       		.uleb128 0x3
 2286 001e 0E       		.uleb128 0xe
 2287 001f 3A       		.uleb128 0x3a
 2288 0020 0B       		.uleb128 0xb
 2289 0021 3B       		.uleb128 0x3b
 2290 0022 0B       		.uleb128 0xb
 2291 0023 49       		.uleb128 0x49
 2292 0024 13       		.uleb128 0x13
 2293 0025 00       		.byte	0
 2294 0026 00       		.byte	0
 2295 0027 04       		.uleb128 0x4
 2296 0028 24       		.uleb128 0x24
 2297 0029 00       		.byte	0
 2298 002a 0B       		.uleb128 0xb
 2299 002b 0B       		.uleb128 0xb
 2300 002c 3E       		.uleb128 0x3e
 2301 002d 0B       		.uleb128 0xb
 2302 002e 03       		.uleb128 0x3
 2303 002f 08       		.uleb128 0x8
 2304 0030 00       		.byte	0
 2305 0031 00       		.byte	0
 2306 0032 05       		.uleb128 0x5
 2307 0033 01       		.uleb128 0x1
 2308 0034 01       		.byte	0x1
 2309 0035 49       		.uleb128 0x49
 2310 0036 13       		.uleb128 0x13
 2311 0037 01       		.uleb128 0x1
 2312 0038 13       		.uleb128 0x13
 2313 0039 00       		.byte	0
 2314 003a 00       		.byte	0
 2315 003b 06       		.uleb128 0x6
 2316 003c 21       		.uleb128 0x21
 2317 003d 00       		.byte	0
 2318 003e 49       		.uleb128 0x49
 2319 003f 13       		.uleb128 0x13
 2320 0040 2F       		.uleb128 0x2f
 2321 0041 05       		.uleb128 0x5
 2322 0042 00       		.byte	0
 2323 0043 00       		.byte	0
 2324 0044 07       		.uleb128 0x7
 2325 0045 26       		.uleb128 0x26
 2326 0046 00       		.byte	0
 2327 0047 49       		.uleb128 0x49
 2328 0048 13       		.uleb128 0x13
 2329 0049 00       		.byte	0
 2330 004a 00       		.byte	0
 2331 004b 08       		.uleb128 0x8
 2332 004c 34       		.uleb128 0x34
 2333 004d 00       		.byte	0
ARM GAS  C:\Users\gopik\AppData\Local\Temp\ccK0bGnX.s 			page 42


 2334 004e 03       		.uleb128 0x3
 2335 004f 0E       		.uleb128 0xe
 2336 0050 3A       		.uleb128 0x3a
 2337 0051 0B       		.uleb128 0xb
 2338 0052 3B       		.uleb128 0x3b
 2339 0053 0B       		.uleb128 0xb
 2340 0054 49       		.uleb128 0x49
 2341 0055 13       		.uleb128 0x13
 2342 0056 3F       		.uleb128 0x3f
 2343 0057 19       		.uleb128 0x19
 2344 0058 02       		.uleb128 0x2
 2345 0059 18       		.uleb128 0x18
 2346 005a 00       		.byte	0
 2347 005b 00       		.byte	0
 2348 005c 09       		.uleb128 0x9
 2349 005d 21       		.uleb128 0x21
 2350 005e 00       		.byte	0
 2351 005f 49       		.uleb128 0x49
 2352 0060 13       		.uleb128 0x13
 2353 0061 2F       		.uleb128 0x2f
 2354 0062 0B       		.uleb128 0xb
 2355 0063 00       		.byte	0
 2356 0064 00       		.byte	0
 2357 0065 0A       		.uleb128 0xa
 2358 0066 34       		.uleb128 0x34
 2359 0067 00       		.byte	0
 2360 0068 03       		.uleb128 0x3
 2361 0069 0E       		.uleb128 0xe
 2362 006a 3A       		.uleb128 0x3a
 2363 006b 0B       		.uleb128 0xb
 2364 006c 3B       		.uleb128 0x3b
 2365 006d 05       		.uleb128 0x5
 2366 006e 49       		.uleb128 0x49
 2367 006f 13       		.uleb128 0x13
 2368 0070 3F       		.uleb128 0x3f
 2369 0071 19       		.uleb128 0x19
 2370 0072 02       		.uleb128 0x2
 2371 0073 18       		.uleb128 0x18
 2372 0074 00       		.byte	0
 2373 0075 00       		.byte	0
 2374 0076 00       		.byte	0
 2375              		.section	.debug_aranges,"",%progbits
 2376 0000 14000000 		.4byte	0x14
 2377 0004 0200     		.2byte	0x2
 2378 0006 00000000 		.4byte	.Ldebug_info0
 2379 000a 04       		.byte	0x4
 2380 000b 00       		.byte	0
 2381 000c 0000     		.2byte	0
 2382 000e 0000     		.2byte	0
 2383 0010 00000000 		.4byte	0
 2384 0014 00000000 		.4byte	0
 2385              		.section	.debug_line,"",%progbits
 2386              	.Ldebug_line0:
 2387 0000 3D010000 		.section	.debug_str,"MS",%progbits,1
 2387      02003701 
 2387      00000201 
 2387      FB0E0D00 
ARM GAS  C:\Users\gopik\AppData\Local\Temp\ccK0bGnX.s 			page 43


 2387      01010101 
 2388              	.LASF9:
 2389 0000 5F5F7569 		.ascii	"__uint8_t\000"
 2389      6E74385F 
 2389      7400
 2390              	.LASF16:
 2391 000a 63795F6D 		.ascii	"cy_metadata\000"
 2391      65746164 
 2391      61746100 
 2392              	.LASF1:
 2393 0016 756E7369 		.ascii	"unsigned char\000"
 2393      676E6564 
 2393      20636861 
 2393      7200
 2394              	.LASF17:
 2395 0024 474E5520 		.ascii	"GNU C11 5.4.1 20160609 (release) [ARM/embedded-5-br"
 2395      43313120 
 2395      352E342E 
 2395      31203230 
 2395      31363036 
 2396 0057 616E6368 		.ascii	"anch revision 237715] -mcpu=cortex-m3 -mthumb -g -O"
 2396      20726576 
 2396      6973696F 
 2396      6E203233 
 2396      37373135 
 2397 008a 67202D66 		.ascii	"g -ffunction-sections -ffat-lto-objects\000"
 2397      66756E63 
 2397      74696F6E 
 2397      2D736563 
 2397      74696F6E 
 2398              	.LASF5:
 2399 00b2 6C6F6E67 		.ascii	"long unsigned int\000"
 2399      20756E73 
 2399      69676E65 
 2399      6420696E 
 2399      7400
 2400              	.LASF3:
 2401 00c4 73686F72 		.ascii	"short unsigned int\000"
 2401      7420756E 
 2401      7369676E 
 2401      65642069 
 2401      6E7400
 2402              	.LASF13:
 2403 00d7 63795F6D 		.ascii	"cy_meta_custnvl\000"
 2403      6574615F 
 2403      63757374 
 2403      6E766C00 
 2404              	.LASF12:
 2405 00e7 63795F6D 		.ascii	"cy_meta_configecc\000"
 2405      6574615F 
 2405      636F6E66 
 2405      69676563 
 2405      6300
 2406              	.LASF8:
 2407 00f9 756E7369 		.ascii	"unsigned int\000"
 2407      676E6564 
 2407      20696E74 
ARM GAS  C:\Users\gopik\AppData\Local\Temp\ccK0bGnX.s 			page 44


 2407      00
 2408              	.LASF7:
 2409 0106 6C6F6E67 		.ascii	"long long unsigned int\000"
 2409      206C6F6E 
 2409      6720756E 
 2409      7369676E 
 2409      65642069 
 2410              	.LASF10:
 2411 011d 75696E74 		.ascii	"uint8_t\000"
 2411      385F7400 
 2412              	.LASF15:
 2413 0125 63795F6D 		.ascii	"cy_meta_flashprotect\000"
 2413      6574615F 
 2413      666C6173 
 2413      6870726F 
 2413      74656374 
 2414              	.LASF14:
 2415 013a 63795F6D 		.ascii	"cy_meta_wonvl\000"
 2415      6574615F 
 2415      776F6E76 
 2415      6C00
 2416              	.LASF11:
 2417 0148 73697A65 		.ascii	"sizetype\000"
 2417      74797065 
 2417      00
 2418              	.LASF6:
 2419 0151 6C6F6E67 		.ascii	"long long int\000"
 2419      206C6F6E 
 2419      6720696E 
 2419      7400
 2420              	.LASF19:
 2421 015f 433A5C55 		.ascii	"C:\\Users\\gopik\\OneDrive\\Documents\\PSoC Creator"
 2421      73657273 
 2421      5C676F70 
 2421      696B5C4F 
 2421      6E654472 
 2422 018d 5C576F72 		.ascii	"\\Workspace02\\Design01.cydsn\000"
 2422      6B737061 
 2422      63653032 
 2422      5C446573 
 2422      69676E30 
 2423              	.LASF2:
 2424 01a9 73686F72 		.ascii	"short int\000"
 2424      7420696E 
 2424      7400
 2425              	.LASF4:
 2426 01b3 6C6F6E67 		.ascii	"long int\000"
 2426      20696E74 
 2426      00
 2427              	.LASF0:
 2428 01bc 7369676E 		.ascii	"signed char\000"
 2428      65642063 
 2428      68617200 
 2429              	.LASF18:
 2430 01c8 47656E65 		.ascii	"Generated_Source\\PSoC5\\cymetadata.c\000"
 2430      72617465 
 2430      645F536F 
ARM GAS  C:\Users\gopik\AppData\Local\Temp\ccK0bGnX.s 			page 45


 2430      75726365 
 2430      5C50536F 
 2431              		.ident	"GCC: (GNU Tools for ARM Embedded Processors) 5.4.1 20160609 (release) [ARM/embedded-5-bran
