ARM GAS  C:\Users\gopik\AppData\Local\Temp\ccoEJp0S.s 			page 1


   1              		.syntax unified
   2              		.cpu cortex-m3
   3              		.fpu softvfp
   4              		.eabi_attribute 20, 1
   5              		.eabi_attribute 21, 1
   6              		.eabi_attribute 23, 3
   7              		.eabi_attribute 24, 1
   8              		.eabi_attribute 25, 1
   9              		.eabi_attribute 26, 1
  10              		.eabi_attribute 30, 1
  11              		.eabi_attribute 34, 1
  12              		.eabi_attribute 18, 4
  13              		.thumb
  14              		.syntax unified
  15              		.file	"main.c"
  16              		.text
  17              	.Ltext0:
  18              		.cfi_sections	.debug_frame
  19              		.section	.text.beatbox,"ax",%progbits
  20              		.align	2
  21              		.global	beatbox
  22              		.thumb
  23              		.thumb_func
  24              		.type	beatbox, %function
  25              	beatbox:
  26              	.LFB63:
  27              		.file 1 "main.c"
   1:main.c        **** /* ========================================
   2:main.c        ****  *
   3:main.c        ****  * Copyright YOUR COMPANY, THE YEAR
   4:main.c        ****  * All Rights Reserved
   5:main.c        ****  * UNPUBLISHED, LICENSED SOFTWARE.
   6:main.c        ****  *
   7:main.c        ****  * CONFIDENTIAL AND PROPRIETARY INFORMATION
   8:main.c        ****  * WHICH IS THE PROPERTY OF your company.
   9:main.c        ****  *
  10:main.c        ****  * ========================================
  11:main.c        **** */
  12:main.c        **** #include "project.h"
  13:main.c        **** 
  14:main.c        **** void beatbox()
  15:main.c        **** {
  28              		.loc 1 15 0
  29              		.cfi_startproc
  30              		@ args = 0, pretend = 0, frame = 0
  31              		@ frame_needed = 0, uses_anonymous_args = 0
  32 0000 10B5     		push	{r4, lr}
  33              		.cfi_def_cfa_offset 8
  34              		.cfi_offset 4, -8
  35              		.cfi_offset 14, -4
  36              	.LVL0:
  16:main.c        ****     int i = 0;
  17:main.c        ****     Upper_Lips_Start();
  37              		.loc 1 17 0
  38 0002 FFF7FEFF 		bl	Upper_Lips_Start
  39              	.LVL1:
  18:main.c        ****     Lower_Lips_Start();
ARM GAS  C:\Users\gopik\AppData\Local\Temp\ccoEJp0S.s 			page 2


  40              		.loc 1 18 0
  41 0006 FFF7FEFF 		bl	Lower_Lips_Start
  42              	.LVL2:
  19:main.c        ****     for(i = 0; i < 5; i++)
  43              		.loc 1 19 0
  44 000a 0024     		movs	r4, #0
  45 000c 2EE0     		b	.L2
  46              	.LVL3:
  47              	.L3:
  20:main.c        ****     {
  21:main.c        ****         Upper_Lips_WriteCompare1(1500);
  48              		.loc 1 21 0 discriminator 3
  49 000e 40F2DC50 		movw	r0, #1500
  50 0012 FFF7FEFF 		bl	Upper_Lips_WriteCompare1
  51              	.LVL4:
  22:main.c        ****         Upper_Lips_WriteCompare2(1500);
  52              		.loc 1 22 0 discriminator 3
  53 0016 40F2DC50 		movw	r0, #1500
  54 001a FFF7FEFF 		bl	Upper_Lips_WriteCompare2
  55              	.LVL5:
  23:main.c        ****         CyDelay(500);
  56              		.loc 1 23 0 discriminator 3
  57 001e 4FF4FA70 		mov	r0, #500
  58 0022 FFF7FEFF 		bl	CyDelay
  59              	.LVL6:
  24:main.c        ****         Upper_Lips_WriteCompare1(3500);
  60              		.loc 1 24 0 discriminator 3
  61 0026 40F6AC50 		movw	r0, #3500
  62 002a FFF7FEFF 		bl	Upper_Lips_WriteCompare1
  63              	.LVL7:
  25:main.c        ****         Upper_Lips_WriteCompare2(3500);
  64              		.loc 1 25 0 discriminator 3
  65 002e 40F6AC50 		movw	r0, #3500
  66 0032 FFF7FEFF 		bl	Upper_Lips_WriteCompare2
  67              	.LVL8:
  26:main.c        ****         CyDelay(500);
  68              		.loc 1 26 0 discriminator 3
  69 0036 4FF4FA70 		mov	r0, #500
  70 003a FFF7FEFF 		bl	CyDelay
  71              	.LVL9:
  27:main.c        ****         Lower_Lips_WriteCompare1(1500);
  72              		.loc 1 27 0 discriminator 3
  73 003e 40F2DC50 		movw	r0, #1500
  74 0042 FFF7FEFF 		bl	Lower_Lips_WriteCompare1
  75              	.LVL10:
  28:main.c        ****         Lower_Lips_WriteCompare2(1500);
  76              		.loc 1 28 0 discriminator 3
  77 0046 40F2DC50 		movw	r0, #1500
  78 004a FFF7FEFF 		bl	Lower_Lips_WriteCompare2
  79              	.LVL11:
  29:main.c        ****         CyDelay(100);
  80              		.loc 1 29 0 discriminator 3
  81 004e 6420     		movs	r0, #100
  82 0050 FFF7FEFF 		bl	CyDelay
  83              	.LVL12:
  30:main.c        ****         Lower_Lips_WriteCompare1(3500);
  84              		.loc 1 30 0 discriminator 3
ARM GAS  C:\Users\gopik\AppData\Local\Temp\ccoEJp0S.s 			page 3


  85 0054 40F6AC50 		movw	r0, #3500
  86 0058 FFF7FEFF 		bl	Lower_Lips_WriteCompare1
  87              	.LVL13:
  31:main.c        ****         Lower_Lips_WriteCompare2(3500);
  88              		.loc 1 31 0 discriminator 3
  89 005c 40F6AC50 		movw	r0, #3500
  90 0060 FFF7FEFF 		bl	Lower_Lips_WriteCompare2
  91              	.LVL14:
  32:main.c        ****         CyDelay(100);
  92              		.loc 1 32 0 discriminator 3
  93 0064 6420     		movs	r0, #100
  94 0066 FFF7FEFF 		bl	CyDelay
  95              	.LVL15:
  19:main.c        ****     {
  96              		.loc 1 19 0 discriminator 3
  97 006a 0134     		adds	r4, r4, #1
  98              	.LVL16:
  99              	.L2:
  19:main.c        ****     {
 100              		.loc 1 19 0 is_stmt 0 discriminator 1
 101 006c 042C     		cmp	r4, #4
 102 006e CEDD     		ble	.L3
  33:main.c        ****     }
  34:main.c        ****  }
 103              		.loc 1 34 0 is_stmt 1
 104 0070 10BD     		pop	{r4, pc}
 105              		.cfi_endproc
 106              	.LFE63:
 107              		.size	beatbox, .-beatbox
 108 0072 00BF     		.section	.text.main,"ax",%progbits
 109              		.align	2
 110              		.global	main
 111              		.thumb
 112              		.thumb_func
 113              		.type	main, %function
 114              	main:
 115              	.LFB64:
  35:main.c        **** 
  36:main.c        **** int main(void)
  37:main.c        **** {
 116              		.loc 1 37 0
 117              		.cfi_startproc
 118              		@ args = 0, pretend = 0, frame = 0
 119              		@ frame_needed = 0, uses_anonymous_args = 0
 120 0000 10B5     		push	{r4, lr}
 121              		.cfi_def_cfa_offset 8
 122              		.cfi_offset 4, -8
 123              		.cfi_offset 14, -4
  38:main.c        ****    /* int i = 0;
  39:main.c        ****     Right_Eyebrow_Start();
  40:main.c        ****     Left_Eyebrow_Start();
  41:main.c        ****     for(i = 0;i < 8;i++)
  42:main.c        ****     {
  43:main.c        ****         Right_Eyebrow_WriteCompare1(2000);
  44:main.c        ****         Right_Eyebrow_WriteCompare2(12000);
  45:main.c        ****         CyDelay(500);
  46:main.c        ****         Right_Eyebrow_WriteCompare1(3500);
ARM GAS  C:\Users\gopik\AppData\Local\Temp\ccoEJp0S.s 			page 4


  47:main.c        ****         Right_Eyebrow_WriteCompare2(6000);
  48:main.c        ****         CyDelay(100);
  49:main.c        ****         Left_Eyebrow_WriteCompare1(10000);
  50:main.c        ****         Left_Eyebrow_WriteCompare2(4000);
  51:main.c        ****         CyDelay(500);
  52:main.c        ****         Left_Eyebrow_WriteCompare1(6500);
  53:main.c        ****         Left_Eyebrow_WriteCompare2(7000);
  54:main.c        ****         CyDelay(100); 
  55:main.c        ****     } */
  56:main.c        ****         
  57:main.c        ****    /* Right_Eyeball_Start();
  58:main.c        ****     int j;
  59:main.c        ****     for(j=0;j<50;i++)
  60:main.c        ****     {
  61:main.c        ****     Right_Eyeball_WriteCompare1(1500);
  62:main.c        ****     Right_Eyeball_WriteCompare2(1500);
  63:main.c        ****     CyDelay(1000);
  64:main.c        ****     Right_Eyeball_WriteCompare1(3500);
  65:main.c        ****     Right_Eyeball_WriteCompare2(3500);
  66:main.c        ****     CyDelay(1000);
  67:main.c        ****     }
  68:main.c        ****     
  69:main.c        ****     Left_Eyeball_Start();
  70:main.c        ****     for(i = 0;i < 10;i++)
  71:main.c        ****     {
  72:main.c        ****     Left_Eyeball_WriteCompare1(1500);
  73:main.c        ****     Left_Eyeball_WriteCompare2(1500);
  74:main.c        ****     CyDelay(1000);
  75:main.c        ****     Left_Eyeball_WriteCompare1(3500);
  76:main.c        ****     Left_Eyeball_WriteCompare2(3500);
  77:main.c        ****     CyDelay(1000);
  78:main.c        ****     }
  79:main.c        ****     */
  80:main.c        ****     /*int i = 0;
  81:main.c        ****     Upper_Lips_Start();
  82:main.c        ****     Lower_Lips_Start();
  83:main.c        ****     for(i = 0; i < 5; i++)
  84:main.c        ****     {
  85:main.c        ****         Upper_Lips_WriteCompare1(2000);
  86:main.c        ****         Upper_Lips_WriteCompare2(3000);
  87:main.c        ****         CyDelay(100);
  88:main.c        ****         Lower_Lips_WriteCompare2(12000);
  89:main.c        ****         CyDelay(500);
  90:main.c        ****         Upper_Lips_WriteCompare1(3000);
  91:main.c        ****         Upper_Lips_WriteCompare2(2000);
  92:main.c        ****         CyDelay(100); 
  93:main.c        ****         Lower_Lips_WriteCompare2(6000);
  94:main.c        ****         CyDelay(500);
  95:main.c        ****        
  96:main.c        ****     }*/
  97:main.c        ****     
  98:main.c        ****     int i;
  99:main.c        ****     NeckHandle_Start();
 124              		.loc 1 99 0
 125 0002 FFF7FEFF 		bl	NeckHandle_Start
 126              	.LVL17:
 100:main.c        ****     for(i = 0;i < 2;i++)
ARM GAS  C:\Users\gopik\AppData\Local\Temp\ccoEJp0S.s 			page 5


 127              		.loc 1 100 0
 128 0006 0024     		movs	r4, #0
 129 0008 15E0     		b	.L6
 130              	.LVL18:
 131              	.L7:
 101:main.c        ****     {
 102:main.c        ****     NeckHandle_WriteCompare1(1000);
 132              		.loc 1 102 0 discriminator 3
 133 000a 4FF47A70 		mov	r0, #1000
 134 000e FFF7FEFF 		bl	NeckHandle_WriteCompare1
 135              	.LVL19:
 103:main.c        ****     //NeckHandle_WriteCompare2(1500);
 104:main.c        ****     CyDelay(100);
 136              		.loc 1 104 0 discriminator 3
 137 0012 6420     		movs	r0, #100
 138 0014 FFF7FEFF 		bl	CyDelay
 139              	.LVL20:
 105:main.c        ****     NeckHandle_WriteCompare1(2000);
 140              		.loc 1 105 0 discriminator 3
 141 0018 4FF4FA60 		mov	r0, #2000
 142 001c FFF7FEFF 		bl	NeckHandle_WriteCompare1
 143              	.LVL21:
 106:main.c        ****     CyDelay(100);
 144              		.loc 1 106 0 discriminator 3
 145 0020 6420     		movs	r0, #100
 146 0022 FFF7FEFF 		bl	CyDelay
 147              	.LVL22:
 107:main.c        ****     NeckHandle_WriteCompare1(1000);
 148              		.loc 1 107 0 discriminator 3
 149 0026 4FF47A70 		mov	r0, #1000
 150 002a FFF7FEFF 		bl	NeckHandle_WriteCompare1
 151              	.LVL23:
 108:main.c        ****     //NeckHandle_WriteCompare2(3500);
 109:main.c        ****     CyDelay(100);
 152              		.loc 1 109 0 discriminator 3
 153 002e 6420     		movs	r0, #100
 154 0030 FFF7FEFF 		bl	CyDelay
 155              	.LVL24:
 100:main.c        ****     {
 156              		.loc 1 100 0 discriminator 3
 157 0034 0134     		adds	r4, r4, #1
 158              	.LVL25:
 159              	.L6:
 100:main.c        ****     {
 160              		.loc 1 100 0 is_stmt 0 discriminator 1
 161 0036 012C     		cmp	r4, #1
 162 0038 E7DD     		ble	.L7
 110:main.c        ****     }
 111:main.c        ****         
 112:main.c        ****     /*
 113:main.c        ****     Eye_Rod_Start();
 114:main.c        ****     for(i = 0;i < 10;i++)
 115:main.c        ****     {
 116:main.c        ****     Eye_Rod_WriteCompare1(1500);
 117:main.c        ****     Eye_Rod_WriteCompare2(1500);
 118:main.c        ****     CyDelay(1000);
 119:main.c        ****     Eye_Rod_WriteCompare1(3500);
ARM GAS  C:\Users\gopik\AppData\Local\Temp\ccoEJp0S.s 			page 6


 120:main.c        ****     Eye_Rod_WriteCompare2(3500);
 121:main.c        ****     CyDelay(1000);
 122:main.c        ****     }*/
 123:main.c        ****     
 124:main.c        ****   
 125:main.c        **** }
 163              		.loc 1 125 0 is_stmt 1
 164 003a 0020     		movs	r0, #0
 165 003c 10BD     		pop	{r4, pc}
 166              		.cfi_endproc
 167              	.LFE64:
 168              		.size	main, .-main
 169 003e 00BF     		.text
 170              	.Letext0:
 171              		.file 2 "c:\\program files (x86)\\cypress\\psoc creator\\4.1\\psoc creator\\import\\gnu\\arm\\5.4.
 172              		.file 3 "c:\\program files (x86)\\cypress\\psoc creator\\4.1\\psoc creator\\import\\gnu\\arm\\5.4.
 173              		.file 4 "Generated_Source\\PSoC5/Upper_Lips.h"
 174              		.file 5 "Generated_Source\\PSoC5/Lower_Lips.h"
 175              		.file 6 "Generated_Source\\PSoC5/CyLib.h"
 176              		.file 7 "Generated_Source\\PSoC5/NeckHandle.h"
 177              		.file 8 "Generated_Source\\PSoC5/core_cm3.h"
 178              		.section	.debug_info,"",%progbits
 179              	.Ldebug_info0:
 180 0000 E7020000 		.4byte	0x2e7
 181 0004 0400     		.2byte	0x4
 182 0006 00000000 		.4byte	.Ldebug_abbrev0
 183 000a 04       		.byte	0x4
 184 000b 01       		.uleb128 0x1
 185 000c 4E000000 		.4byte	.LASF25
 186 0010 0C       		.byte	0xc
 187 0011 C3010000 		.4byte	.LASF26
 188 0015 CF010000 		.4byte	.LASF27
 189 0019 00000000 		.4byte	.Ldebug_ranges0+0
 190 001d 00000000 		.4byte	0
 191 0021 00000000 		.4byte	.Ldebug_line0
 192 0025 02       		.uleb128 0x2
 193 0026 01       		.byte	0x1
 194 0027 06       		.byte	0x6
 195 0028 49020000 		.4byte	.LASF0
 196 002c 02       		.uleb128 0x2
 197 002d 01       		.byte	0x1
 198 002e 08       		.byte	0x8
 199 002f 40000000 		.4byte	.LASF1
 200 0033 02       		.uleb128 0x2
 201 0034 02       		.byte	0x2
 202 0035 05       		.byte	0x5
 203 0036 19020000 		.4byte	.LASF2
 204 003a 02       		.uleb128 0x2
 205 003b 02       		.byte	0x2
 206 003c 07       		.byte	0x7
 207 003d EE000000 		.4byte	.LASF3
 208 0041 03       		.uleb128 0x3
 209 0042 19000000 		.4byte	.LASF9
 210 0046 02       		.byte	0x2
 211 0047 3F       		.byte	0x3f
 212 0048 4C000000 		.4byte	0x4c
 213 004c 02       		.uleb128 0x2
ARM GAS  C:\Users\gopik\AppData\Local\Temp\ccoEJp0S.s 			page 7


 214 004d 04       		.byte	0x4
 215 004e 05       		.byte	0x5
 216 004f 34020000 		.4byte	.LASF4
 217 0053 02       		.uleb128 0x2
 218 0054 04       		.byte	0x4
 219 0055 07       		.byte	0x7
 220 0056 DC000000 		.4byte	.LASF5
 221 005a 02       		.uleb128 0x2
 222 005b 08       		.byte	0x8
 223 005c 05       		.byte	0x5
 224 005d B5010000 		.4byte	.LASF6
 225 0061 02       		.uleb128 0x2
 226 0062 08       		.byte	0x8
 227 0063 07       		.byte	0x7
 228 0064 29000000 		.4byte	.LASF7
 229 0068 04       		.uleb128 0x4
 230 0069 04       		.byte	0x4
 231 006a 05       		.byte	0x5
 232 006b 696E7400 		.ascii	"int\000"
 233 006f 02       		.uleb128 0x2
 234 0070 04       		.byte	0x4
 235 0071 07       		.byte	0x7
 236 0072 33010000 		.4byte	.LASF8
 237 0076 03       		.uleb128 0x3
 238 0077 A4010000 		.4byte	.LASF10
 239 007b 03       		.byte	0x3
 240 007c 2C       		.byte	0x2c
 241 007d 41000000 		.4byte	0x41
 242 0081 02       		.uleb128 0x2
 243 0082 04       		.byte	0x4
 244 0083 04       		.byte	0x4
 245 0084 23000000 		.4byte	.LASF11
 246 0088 02       		.uleb128 0x2
 247 0089 08       		.byte	0x8
 248 008a 04       		.byte	0x4
 249 008b 0E010000 		.4byte	.LASF12
 250 008f 02       		.uleb128 0x2
 251 0090 01       		.byte	0x1
 252 0091 08       		.byte	0x8
 253 0092 CA010000 		.4byte	.LASF13
 254 0096 02       		.uleb128 0x2
 255 0097 08       		.byte	0x8
 256 0098 04       		.byte	0x4
 257 0099 3D020000 		.4byte	.LASF14
 258 009d 02       		.uleb128 0x2
 259 009e 04       		.byte	0x4
 260 009f 07       		.byte	0x7
 261 00a0 AC010000 		.4byte	.LASF15
 262 00a4 05       		.uleb128 0x5
 263 00a5 1A010000 		.4byte	.LASF28
 264 00a9 01       		.byte	0x1
 265 00aa 0E       		.byte	0xe
 266 00ab 00000000 		.4byte	.LFB63
 267 00af 72000000 		.4byte	.LFE63-.LFB63
 268 00b3 01       		.uleb128 0x1
 269 00b4 9C       		.byte	0x9c
 270 00b5 CF010000 		.4byte	0x1cf
ARM GAS  C:\Users\gopik\AppData\Local\Temp\ccoEJp0S.s 			page 8


 271 00b9 06       		.uleb128 0x6
 272 00ba 6900     		.ascii	"i\000"
 273 00bc 01       		.byte	0x1
 274 00bd 10       		.byte	0x10
 275 00be 68000000 		.4byte	0x68
 276 00c2 00000000 		.4byte	.LLST0
 277 00c6 07       		.uleb128 0x7
 278 00c7 06000000 		.4byte	.LVL1
 279 00cb 87020000 		.4byte	0x287
 280 00cf 07       		.uleb128 0x7
 281 00d0 0A000000 		.4byte	.LVL2
 282 00d4 92020000 		.4byte	0x292
 283 00d8 08       		.uleb128 0x8
 284 00d9 16000000 		.4byte	.LVL4
 285 00dd 9D020000 		.4byte	0x29d
 286 00e1 ED000000 		.4byte	0xed
 287 00e5 09       		.uleb128 0x9
 288 00e6 01       		.uleb128 0x1
 289 00e7 50       		.byte	0x50
 290 00e8 03       		.uleb128 0x3
 291 00e9 0A       		.byte	0xa
 292 00ea DC05     		.2byte	0x5dc
 293 00ec 00       		.byte	0
 294 00ed 08       		.uleb128 0x8
 295 00ee 1E000000 		.4byte	.LVL5
 296 00f2 A8020000 		.4byte	0x2a8
 297 00f6 02010000 		.4byte	0x102
 298 00fa 09       		.uleb128 0x9
 299 00fb 01       		.uleb128 0x1
 300 00fc 50       		.byte	0x50
 301 00fd 03       		.uleb128 0x3
 302 00fe 0A       		.byte	0xa
 303 00ff DC05     		.2byte	0x5dc
 304 0101 00       		.byte	0
 305 0102 08       		.uleb128 0x8
 306 0103 26000000 		.4byte	.LVL6
 307 0107 B3020000 		.4byte	0x2b3
 308 010b 17010000 		.4byte	0x117
 309 010f 09       		.uleb128 0x9
 310 0110 01       		.uleb128 0x1
 311 0111 50       		.byte	0x50
 312 0112 03       		.uleb128 0x3
 313 0113 0A       		.byte	0xa
 314 0114 F401     		.2byte	0x1f4
 315 0116 00       		.byte	0
 316 0117 08       		.uleb128 0x8
 317 0118 2E000000 		.4byte	.LVL7
 318 011c 9D020000 		.4byte	0x29d
 319 0120 2C010000 		.4byte	0x12c
 320 0124 09       		.uleb128 0x9
 321 0125 01       		.uleb128 0x1
 322 0126 50       		.byte	0x50
 323 0127 03       		.uleb128 0x3
 324 0128 0A       		.byte	0xa
 325 0129 AC0D     		.2byte	0xdac
 326 012b 00       		.byte	0
 327 012c 08       		.uleb128 0x8
ARM GAS  C:\Users\gopik\AppData\Local\Temp\ccoEJp0S.s 			page 9


 328 012d 36000000 		.4byte	.LVL8
 329 0131 A8020000 		.4byte	0x2a8
 330 0135 41010000 		.4byte	0x141
 331 0139 09       		.uleb128 0x9
 332 013a 01       		.uleb128 0x1
 333 013b 50       		.byte	0x50
 334 013c 03       		.uleb128 0x3
 335 013d 0A       		.byte	0xa
 336 013e AC0D     		.2byte	0xdac
 337 0140 00       		.byte	0
 338 0141 08       		.uleb128 0x8
 339 0142 3E000000 		.4byte	.LVL9
 340 0146 B3020000 		.4byte	0x2b3
 341 014a 56010000 		.4byte	0x156
 342 014e 09       		.uleb128 0x9
 343 014f 01       		.uleb128 0x1
 344 0150 50       		.byte	0x50
 345 0151 03       		.uleb128 0x3
 346 0152 0A       		.byte	0xa
 347 0153 F401     		.2byte	0x1f4
 348 0155 00       		.byte	0
 349 0156 08       		.uleb128 0x8
 350 0157 46000000 		.4byte	.LVL10
 351 015b BE020000 		.4byte	0x2be
 352 015f 6B010000 		.4byte	0x16b
 353 0163 09       		.uleb128 0x9
 354 0164 01       		.uleb128 0x1
 355 0165 50       		.byte	0x50
 356 0166 03       		.uleb128 0x3
 357 0167 0A       		.byte	0xa
 358 0168 DC05     		.2byte	0x5dc
 359 016a 00       		.byte	0
 360 016b 08       		.uleb128 0x8
 361 016c 4E000000 		.4byte	.LVL11
 362 0170 C9020000 		.4byte	0x2c9
 363 0174 80010000 		.4byte	0x180
 364 0178 09       		.uleb128 0x9
 365 0179 01       		.uleb128 0x1
 366 017a 50       		.byte	0x50
 367 017b 03       		.uleb128 0x3
 368 017c 0A       		.byte	0xa
 369 017d DC05     		.2byte	0x5dc
 370 017f 00       		.byte	0
 371 0180 08       		.uleb128 0x8
 372 0181 54000000 		.4byte	.LVL12
 373 0185 B3020000 		.4byte	0x2b3
 374 0189 94010000 		.4byte	0x194
 375 018d 09       		.uleb128 0x9
 376 018e 01       		.uleb128 0x1
 377 018f 50       		.byte	0x50
 378 0190 02       		.uleb128 0x2
 379 0191 08       		.byte	0x8
 380 0192 64       		.byte	0x64
 381 0193 00       		.byte	0
 382 0194 08       		.uleb128 0x8
 383 0195 5C000000 		.4byte	.LVL13
 384 0199 BE020000 		.4byte	0x2be
ARM GAS  C:\Users\gopik\AppData\Local\Temp\ccoEJp0S.s 			page 10


 385 019d A9010000 		.4byte	0x1a9
 386 01a1 09       		.uleb128 0x9
 387 01a2 01       		.uleb128 0x1
 388 01a3 50       		.byte	0x50
 389 01a4 03       		.uleb128 0x3
 390 01a5 0A       		.byte	0xa
 391 01a6 AC0D     		.2byte	0xdac
 392 01a8 00       		.byte	0
 393 01a9 08       		.uleb128 0x8
 394 01aa 64000000 		.4byte	.LVL14
 395 01ae C9020000 		.4byte	0x2c9
 396 01b2 BE010000 		.4byte	0x1be
 397 01b6 09       		.uleb128 0x9
 398 01b7 01       		.uleb128 0x1
 399 01b8 50       		.byte	0x50
 400 01b9 03       		.uleb128 0x3
 401 01ba 0A       		.byte	0xa
 402 01bb AC0D     		.2byte	0xdac
 403 01bd 00       		.byte	0
 404 01be 0A       		.uleb128 0xa
 405 01bf 6A000000 		.4byte	.LVL15
 406 01c3 B3020000 		.4byte	0x2b3
 407 01c7 09       		.uleb128 0x9
 408 01c8 01       		.uleb128 0x1
 409 01c9 50       		.byte	0x50
 410 01ca 02       		.uleb128 0x2
 411 01cb 08       		.byte	0x8
 412 01cc 64       		.byte	0x64
 413 01cd 00       		.byte	0
 414 01ce 00       		.byte	0
 415 01cf 0B       		.uleb128 0xb
 416 01d0 15010000 		.4byte	.LASF29
 417 01d4 01       		.byte	0x1
 418 01d5 24       		.byte	0x24
 419 01d6 68000000 		.4byte	0x68
 420 01da 00000000 		.4byte	.LFB64
 421 01de 3E000000 		.4byte	.LFE64-.LFB64
 422 01e2 01       		.uleb128 0x1
 423 01e3 9C       		.byte	0x9c
 424 01e4 76020000 		.4byte	0x276
 425 01e8 06       		.uleb128 0x6
 426 01e9 6900     		.ascii	"i\000"
 427 01eb 01       		.byte	0x1
 428 01ec 62       		.byte	0x62
 429 01ed 68000000 		.4byte	0x68
 430 01f1 1F000000 		.4byte	.LLST1
 431 01f5 07       		.uleb128 0x7
 432 01f6 06000000 		.4byte	.LVL17
 433 01fa D4020000 		.4byte	0x2d4
 434 01fe 08       		.uleb128 0x8
 435 01ff 12000000 		.4byte	.LVL19
 436 0203 DF020000 		.4byte	0x2df
 437 0207 13020000 		.4byte	0x213
 438 020b 09       		.uleb128 0x9
 439 020c 01       		.uleb128 0x1
 440 020d 50       		.byte	0x50
 441 020e 03       		.uleb128 0x3
ARM GAS  C:\Users\gopik\AppData\Local\Temp\ccoEJp0S.s 			page 11


 442 020f 0A       		.byte	0xa
 443 0210 E803     		.2byte	0x3e8
 444 0212 00       		.byte	0
 445 0213 08       		.uleb128 0x8
 446 0214 18000000 		.4byte	.LVL20
 447 0218 B3020000 		.4byte	0x2b3
 448 021c 27020000 		.4byte	0x227
 449 0220 09       		.uleb128 0x9
 450 0221 01       		.uleb128 0x1
 451 0222 50       		.byte	0x50
 452 0223 02       		.uleb128 0x2
 453 0224 08       		.byte	0x8
 454 0225 64       		.byte	0x64
 455 0226 00       		.byte	0
 456 0227 08       		.uleb128 0x8
 457 0228 20000000 		.4byte	.LVL21
 458 022c DF020000 		.4byte	0x2df
 459 0230 3C020000 		.4byte	0x23c
 460 0234 09       		.uleb128 0x9
 461 0235 01       		.uleb128 0x1
 462 0236 50       		.byte	0x50
 463 0237 03       		.uleb128 0x3
 464 0238 0A       		.byte	0xa
 465 0239 D007     		.2byte	0x7d0
 466 023b 00       		.byte	0
 467 023c 08       		.uleb128 0x8
 468 023d 26000000 		.4byte	.LVL22
 469 0241 B3020000 		.4byte	0x2b3
 470 0245 50020000 		.4byte	0x250
 471 0249 09       		.uleb128 0x9
 472 024a 01       		.uleb128 0x1
 473 024b 50       		.byte	0x50
 474 024c 02       		.uleb128 0x2
 475 024d 08       		.byte	0x8
 476 024e 64       		.byte	0x64
 477 024f 00       		.byte	0
 478 0250 08       		.uleb128 0x8
 479 0251 2E000000 		.4byte	.LVL23
 480 0255 DF020000 		.4byte	0x2df
 481 0259 65020000 		.4byte	0x265
 482 025d 09       		.uleb128 0x9
 483 025e 01       		.uleb128 0x1
 484 025f 50       		.byte	0x50
 485 0260 03       		.uleb128 0x3
 486 0261 0A       		.byte	0xa
 487 0262 E803     		.2byte	0x3e8
 488 0264 00       		.byte	0
 489 0265 0A       		.uleb128 0xa
 490 0266 34000000 		.4byte	.LVL24
 491 026a B3020000 		.4byte	0x2b3
 492 026e 09       		.uleb128 0x9
 493 026f 01       		.uleb128 0x1
 494 0270 50       		.byte	0x50
 495 0271 02       		.uleb128 0x2
 496 0272 08       		.byte	0x8
 497 0273 64       		.byte	0x64
 498 0274 00       		.byte	0
ARM GAS  C:\Users\gopik\AppData\Local\Temp\ccoEJp0S.s 			page 12


 499 0275 00       		.byte	0
 500 0276 0C       		.uleb128 0xc
 501 0277 01010000 		.4byte	.LASF30
 502 027b 08       		.byte	0x8
 503 027c 1207     		.2byte	0x712
 504 027e 82020000 		.4byte	0x282
 505 0282 0D       		.uleb128 0xd
 506 0283 76000000 		.4byte	0x76
 507 0287 0E       		.uleb128 0xe
 508 0288 23020000 		.4byte	.LASF16
 509 028c 23020000 		.4byte	.LASF16
 510 0290 04       		.byte	0x4
 511 0291 92       		.byte	0x92
 512 0292 0E       		.uleb128 0xe
 513 0293 22010000 		.4byte	.LASF17
 514 0297 22010000 		.4byte	.LASF17
 515 029b 05       		.byte	0x5
 516 029c 92       		.byte	0x92
 517 029d 0E       		.uleb128 0xe
 518 029e 40010000 		.4byte	.LASF18
 519 02a2 40010000 		.4byte	.LASF18
 520 02a6 04       		.byte	0x4
 521 02a7 C7       		.byte	0xc7
 522 02a8 0E       		.uleb128 0xe
 523 02a9 59010000 		.4byte	.LASF19
 524 02ad 59010000 		.4byte	.LASF19
 525 02b1 04       		.byte	0x4
 526 02b2 CA       		.byte	0xca
 527 02b3 0E       		.uleb128 0xe
 528 02b4 66020000 		.4byte	.LASF20
 529 02b8 66020000 		.4byte	.LASF20
 530 02bc 06       		.byte	0x6
 531 02bd 76       		.byte	0x76
 532 02be 0E       		.uleb128 0xe
 533 02bf 72010000 		.4byte	.LASF21
 534 02c3 72010000 		.4byte	.LASF21
 535 02c7 05       		.byte	0x5
 536 02c8 C7       		.byte	0xc7
 537 02c9 0E       		.uleb128 0xe
 538 02ca 8B010000 		.4byte	.LASF22
 539 02ce 8B010000 		.4byte	.LASF22
 540 02d2 05       		.byte	0x5
 541 02d3 CA       		.byte	0xca
 542 02d4 0E       		.uleb128 0xe
 543 02d5 55020000 		.4byte	.LASF23
 544 02d9 55020000 		.4byte	.LASF23
 545 02dd 07       		.byte	0x7
 546 02de 92       		.byte	0x92
 547 02df 0E       		.uleb128 0xe
 548 02e0 00000000 		.4byte	.LASF24
 549 02e4 00000000 		.4byte	.LASF24
 550 02e8 07       		.byte	0x7
 551 02e9 C7       		.byte	0xc7
 552 02ea 00       		.byte	0
 553              		.section	.debug_abbrev,"",%progbits
 554              	.Ldebug_abbrev0:
 555 0000 01       		.uleb128 0x1
ARM GAS  C:\Users\gopik\AppData\Local\Temp\ccoEJp0S.s 			page 13


 556 0001 11       		.uleb128 0x11
 557 0002 01       		.byte	0x1
 558 0003 25       		.uleb128 0x25
 559 0004 0E       		.uleb128 0xe
 560 0005 13       		.uleb128 0x13
 561 0006 0B       		.uleb128 0xb
 562 0007 03       		.uleb128 0x3
 563 0008 0E       		.uleb128 0xe
 564 0009 1B       		.uleb128 0x1b
 565 000a 0E       		.uleb128 0xe
 566 000b 55       		.uleb128 0x55
 567 000c 17       		.uleb128 0x17
 568 000d 11       		.uleb128 0x11
 569 000e 01       		.uleb128 0x1
 570 000f 10       		.uleb128 0x10
 571 0010 17       		.uleb128 0x17
 572 0011 00       		.byte	0
 573 0012 00       		.byte	0
 574 0013 02       		.uleb128 0x2
 575 0014 24       		.uleb128 0x24
 576 0015 00       		.byte	0
 577 0016 0B       		.uleb128 0xb
 578 0017 0B       		.uleb128 0xb
 579 0018 3E       		.uleb128 0x3e
 580 0019 0B       		.uleb128 0xb
 581 001a 03       		.uleb128 0x3
 582 001b 0E       		.uleb128 0xe
 583 001c 00       		.byte	0
 584 001d 00       		.byte	0
 585 001e 03       		.uleb128 0x3
 586 001f 16       		.uleb128 0x16
 587 0020 00       		.byte	0
 588 0021 03       		.uleb128 0x3
 589 0022 0E       		.uleb128 0xe
 590 0023 3A       		.uleb128 0x3a
 591 0024 0B       		.uleb128 0xb
 592 0025 3B       		.uleb128 0x3b
 593 0026 0B       		.uleb128 0xb
 594 0027 49       		.uleb128 0x49
 595 0028 13       		.uleb128 0x13
 596 0029 00       		.byte	0
 597 002a 00       		.byte	0
 598 002b 04       		.uleb128 0x4
 599 002c 24       		.uleb128 0x24
 600 002d 00       		.byte	0
 601 002e 0B       		.uleb128 0xb
 602 002f 0B       		.uleb128 0xb
 603 0030 3E       		.uleb128 0x3e
 604 0031 0B       		.uleb128 0xb
 605 0032 03       		.uleb128 0x3
 606 0033 08       		.uleb128 0x8
 607 0034 00       		.byte	0
 608 0035 00       		.byte	0
 609 0036 05       		.uleb128 0x5
 610 0037 2E       		.uleb128 0x2e
 611 0038 01       		.byte	0x1
 612 0039 3F       		.uleb128 0x3f
ARM GAS  C:\Users\gopik\AppData\Local\Temp\ccoEJp0S.s 			page 14


 613 003a 19       		.uleb128 0x19
 614 003b 03       		.uleb128 0x3
 615 003c 0E       		.uleb128 0xe
 616 003d 3A       		.uleb128 0x3a
 617 003e 0B       		.uleb128 0xb
 618 003f 3B       		.uleb128 0x3b
 619 0040 0B       		.uleb128 0xb
 620 0041 11       		.uleb128 0x11
 621 0042 01       		.uleb128 0x1
 622 0043 12       		.uleb128 0x12
 623 0044 06       		.uleb128 0x6
 624 0045 40       		.uleb128 0x40
 625 0046 18       		.uleb128 0x18
 626 0047 9742     		.uleb128 0x2117
 627 0049 19       		.uleb128 0x19
 628 004a 01       		.uleb128 0x1
 629 004b 13       		.uleb128 0x13
 630 004c 00       		.byte	0
 631 004d 00       		.byte	0
 632 004e 06       		.uleb128 0x6
 633 004f 34       		.uleb128 0x34
 634 0050 00       		.byte	0
 635 0051 03       		.uleb128 0x3
 636 0052 08       		.uleb128 0x8
 637 0053 3A       		.uleb128 0x3a
 638 0054 0B       		.uleb128 0xb
 639 0055 3B       		.uleb128 0x3b
 640 0056 0B       		.uleb128 0xb
 641 0057 49       		.uleb128 0x49
 642 0058 13       		.uleb128 0x13
 643 0059 02       		.uleb128 0x2
 644 005a 17       		.uleb128 0x17
 645 005b 00       		.byte	0
 646 005c 00       		.byte	0
 647 005d 07       		.uleb128 0x7
 648 005e 898201   		.uleb128 0x4109
 649 0061 00       		.byte	0
 650 0062 11       		.uleb128 0x11
 651 0063 01       		.uleb128 0x1
 652 0064 31       		.uleb128 0x31
 653 0065 13       		.uleb128 0x13
 654 0066 00       		.byte	0
 655 0067 00       		.byte	0
 656 0068 08       		.uleb128 0x8
 657 0069 898201   		.uleb128 0x4109
 658 006c 01       		.byte	0x1
 659 006d 11       		.uleb128 0x11
 660 006e 01       		.uleb128 0x1
 661 006f 31       		.uleb128 0x31
 662 0070 13       		.uleb128 0x13
 663 0071 01       		.uleb128 0x1
 664 0072 13       		.uleb128 0x13
 665 0073 00       		.byte	0
 666 0074 00       		.byte	0
 667 0075 09       		.uleb128 0x9
 668 0076 8A8201   		.uleb128 0x410a
 669 0079 00       		.byte	0
ARM GAS  C:\Users\gopik\AppData\Local\Temp\ccoEJp0S.s 			page 15


 670 007a 02       		.uleb128 0x2
 671 007b 18       		.uleb128 0x18
 672 007c 9142     		.uleb128 0x2111
 673 007e 18       		.uleb128 0x18
 674 007f 00       		.byte	0
 675 0080 00       		.byte	0
 676 0081 0A       		.uleb128 0xa
 677 0082 898201   		.uleb128 0x4109
 678 0085 01       		.byte	0x1
 679 0086 11       		.uleb128 0x11
 680 0087 01       		.uleb128 0x1
 681 0088 31       		.uleb128 0x31
 682 0089 13       		.uleb128 0x13
 683 008a 00       		.byte	0
 684 008b 00       		.byte	0
 685 008c 0B       		.uleb128 0xb
 686 008d 2E       		.uleb128 0x2e
 687 008e 01       		.byte	0x1
 688 008f 3F       		.uleb128 0x3f
 689 0090 19       		.uleb128 0x19
 690 0091 03       		.uleb128 0x3
 691 0092 0E       		.uleb128 0xe
 692 0093 3A       		.uleb128 0x3a
 693 0094 0B       		.uleb128 0xb
 694 0095 3B       		.uleb128 0x3b
 695 0096 0B       		.uleb128 0xb
 696 0097 27       		.uleb128 0x27
 697 0098 19       		.uleb128 0x19
 698 0099 49       		.uleb128 0x49
 699 009a 13       		.uleb128 0x13
 700 009b 11       		.uleb128 0x11
 701 009c 01       		.uleb128 0x1
 702 009d 12       		.uleb128 0x12
 703 009e 06       		.uleb128 0x6
 704 009f 40       		.uleb128 0x40
 705 00a0 18       		.uleb128 0x18
 706 00a1 9742     		.uleb128 0x2117
 707 00a3 19       		.uleb128 0x19
 708 00a4 01       		.uleb128 0x1
 709 00a5 13       		.uleb128 0x13
 710 00a6 00       		.byte	0
 711 00a7 00       		.byte	0
 712 00a8 0C       		.uleb128 0xc
 713 00a9 34       		.uleb128 0x34
 714 00aa 00       		.byte	0
 715 00ab 03       		.uleb128 0x3
 716 00ac 0E       		.uleb128 0xe
 717 00ad 3A       		.uleb128 0x3a
 718 00ae 0B       		.uleb128 0xb
 719 00af 3B       		.uleb128 0x3b
 720 00b0 05       		.uleb128 0x5
 721 00b1 49       		.uleb128 0x49
 722 00b2 13       		.uleb128 0x13
 723 00b3 3F       		.uleb128 0x3f
 724 00b4 19       		.uleb128 0x19
 725 00b5 3C       		.uleb128 0x3c
 726 00b6 19       		.uleb128 0x19
ARM GAS  C:\Users\gopik\AppData\Local\Temp\ccoEJp0S.s 			page 16


 727 00b7 00       		.byte	0
 728 00b8 00       		.byte	0
 729 00b9 0D       		.uleb128 0xd
 730 00ba 35       		.uleb128 0x35
 731 00bb 00       		.byte	0
 732 00bc 49       		.uleb128 0x49
 733 00bd 13       		.uleb128 0x13
 734 00be 00       		.byte	0
 735 00bf 00       		.byte	0
 736 00c0 0E       		.uleb128 0xe
 737 00c1 2E       		.uleb128 0x2e
 738 00c2 00       		.byte	0
 739 00c3 3F       		.uleb128 0x3f
 740 00c4 19       		.uleb128 0x19
 741 00c5 3C       		.uleb128 0x3c
 742 00c6 19       		.uleb128 0x19
 743 00c7 6E       		.uleb128 0x6e
 744 00c8 0E       		.uleb128 0xe
 745 00c9 03       		.uleb128 0x3
 746 00ca 0E       		.uleb128 0xe
 747 00cb 3A       		.uleb128 0x3a
 748 00cc 0B       		.uleb128 0xb
 749 00cd 3B       		.uleb128 0x3b
 750 00ce 0B       		.uleb128 0xb
 751 00cf 00       		.byte	0
 752 00d0 00       		.byte	0
 753 00d1 00       		.byte	0
 754              		.section	.debug_loc,"",%progbits
 755              	.Ldebug_loc0:
 756              	.LLST0:
 757 0000 02000000 		.4byte	.LVL0
 758 0004 0E000000 		.4byte	.LVL3
 759 0008 0200     		.2byte	0x2
 760 000a 30       		.byte	0x30
 761 000b 9F       		.byte	0x9f
 762 000c 0E000000 		.4byte	.LVL3
 763 0010 72000000 		.4byte	.LFE63
 764 0014 0100     		.2byte	0x1
 765 0016 54       		.byte	0x54
 766 0017 00000000 		.4byte	0
 767 001b 00000000 		.4byte	0
 768              	.LLST1:
 769 001f 06000000 		.4byte	.LVL17
 770 0023 0A000000 		.4byte	.LVL18
 771 0027 0200     		.2byte	0x2
 772 0029 30       		.byte	0x30
 773 002a 9F       		.byte	0x9f
 774 002b 0A000000 		.4byte	.LVL18
 775 002f 3E000000 		.4byte	.LFE64
 776 0033 0100     		.2byte	0x1
 777 0035 54       		.byte	0x54
 778 0036 00000000 		.4byte	0
 779 003a 00000000 		.4byte	0
 780              		.section	.debug_aranges,"",%progbits
 781 0000 24000000 		.4byte	0x24
 782 0004 0200     		.2byte	0x2
 783 0006 00000000 		.4byte	.Ldebug_info0
ARM GAS  C:\Users\gopik\AppData\Local\Temp\ccoEJp0S.s 			page 17


 784 000a 04       		.byte	0x4
 785 000b 00       		.byte	0
 786 000c 0000     		.2byte	0
 787 000e 0000     		.2byte	0
 788 0010 00000000 		.4byte	.LFB63
 789 0014 72000000 		.4byte	.LFE63-.LFB63
 790 0018 00000000 		.4byte	.LFB64
 791 001c 3E000000 		.4byte	.LFE64-.LFB64
 792 0020 00000000 		.4byte	0
 793 0024 00000000 		.4byte	0
 794              		.section	.debug_ranges,"",%progbits
 795              	.Ldebug_ranges0:
 796 0000 00000000 		.4byte	.LFB63
 797 0004 72000000 		.4byte	.LFE63
 798 0008 00000000 		.4byte	.LFB64
 799 000c 3E000000 		.4byte	.LFE64
 800 0010 00000000 		.4byte	0
 801 0014 00000000 		.4byte	0
 802              		.section	.debug_line,"",%progbits
 803              	.Ldebug_line0:
 804 0000 21020000 		.section	.debug_str,"MS",%progbits,1
 804      02007A01 
 804      00000201 
 804      FB0E0D00 
 804      01010101 
 805              	.LASF24:
 806 0000 4E65636B 		.ascii	"NeckHandle_WriteCompare1\000"
 806      48616E64 
 806      6C655F57 
 806      72697465 
 806      436F6D70 
 807              	.LASF9:
 808 0019 5F5F696E 		.ascii	"__int32_t\000"
 808      7433325F 
 808      7400
 809              	.LASF11:
 810 0023 666C6F61 		.ascii	"float\000"
 810      7400
 811              	.LASF7:
 812 0029 6C6F6E67 		.ascii	"long long unsigned int\000"
 812      206C6F6E 
 812      6720756E 
 812      7369676E 
 812      65642069 
 813              	.LASF1:
 814 0040 756E7369 		.ascii	"unsigned char\000"
 814      676E6564 
 814      20636861 
 814      7200
 815              	.LASF25:
 816 004e 474E5520 		.ascii	"GNU C11 5.4.1 20160609 (release) [ARM/embedded-5-br"
 816      43313120 
 816      352E342E 
 816      31203230 
 816      31363036 
 817 0081 616E6368 		.ascii	"anch revision 237715] -mcpu=cortex-m3 -mthumb -g -O"
 817      20726576 
ARM GAS  C:\Users\gopik\AppData\Local\Temp\ccoEJp0S.s 			page 18


 817      6973696F 
 817      6E203233 
 817      37373135 
 818 00b4 67202D66 		.ascii	"g -ffunction-sections -ffat-lto-objects\000"
 818      66756E63 
 818      74696F6E 
 818      2D736563 
 818      74696F6E 
 819              	.LASF5:
 820 00dc 6C6F6E67 		.ascii	"long unsigned int\000"
 820      20756E73 
 820      69676E65 
 820      6420696E 
 820      7400
 821              	.LASF3:
 822 00ee 73686F72 		.ascii	"short unsigned int\000"
 822      7420756E 
 822      7369676E 
 822      65642069 
 822      6E7400
 823              	.LASF30:
 824 0101 49544D5F 		.ascii	"ITM_RxBuffer\000"
 824      52784275 
 824      66666572 
 824      00
 825              	.LASF12:
 826 010e 646F7562 		.ascii	"double\000"
 826      6C6500
 827              	.LASF29:
 828 0115 6D61696E 		.ascii	"main\000"
 828      00
 829              	.LASF28:
 830 011a 62656174 		.ascii	"beatbox\000"
 830      626F7800 
 831              	.LASF17:
 832 0122 4C6F7765 		.ascii	"Lower_Lips_Start\000"
 832      725F4C69 
 832      70735F53 
 832      74617274 
 832      00
 833              	.LASF8:
 834 0133 756E7369 		.ascii	"unsigned int\000"
 834      676E6564 
 834      20696E74 
 834      00
 835              	.LASF18:
 836 0140 55707065 		.ascii	"Upper_Lips_WriteCompare1\000"
 836      725F4C69 
 836      70735F57 
 836      72697465 
 836      436F6D70 
 837              	.LASF19:
 838 0159 55707065 		.ascii	"Upper_Lips_WriteCompare2\000"
 838      725F4C69 
 838      70735F57 
 838      72697465 
 838      436F6D70 
ARM GAS  C:\Users\gopik\AppData\Local\Temp\ccoEJp0S.s 			page 19


 839              	.LASF21:
 840 0172 4C6F7765 		.ascii	"Lower_Lips_WriteCompare1\000"
 840      725F4C69 
 840      70735F57 
 840      72697465 
 840      436F6D70 
 841              	.LASF22:
 842 018b 4C6F7765 		.ascii	"Lower_Lips_WriteCompare2\000"
 842      725F4C69 
 842      70735F57 
 842      72697465 
 842      436F6D70 
 843              	.LASF10:
 844 01a4 696E7433 		.ascii	"int32_t\000"
 844      325F7400 
 845              	.LASF15:
 846 01ac 73697A65 		.ascii	"sizetype\000"
 846      74797065 
 846      00
 847              	.LASF6:
 848 01b5 6C6F6E67 		.ascii	"long long int\000"
 848      206C6F6E 
 848      6720696E 
 848      7400
 849              	.LASF26:
 850 01c3 6D61696E 		.ascii	"main.c\000"
 850      2E6300
 851              	.LASF13:
 852 01ca 63686172 		.ascii	"char\000"
 852      00
 853              	.LASF27:
 854 01cf 433A5C55 		.ascii	"C:\\Users\\gopik\\OneDrive\\Documents\\PSoC Creator"
 854      73657273 
 854      5C676F70 
 854      696B5C4F 
 854      6E654472 
 855 01fd 5C576F72 		.ascii	"\\Workspace02\\Design01.cydsn\000"
 855      6B737061 
 855      63653032 
 855      5C446573 
 855      69676E30 
 856              	.LASF2:
 857 0219 73686F72 		.ascii	"short int\000"
 857      7420696E 
 857      7400
 858              	.LASF16:
 859 0223 55707065 		.ascii	"Upper_Lips_Start\000"
 859      725F4C69 
 859      70735F53 
 859      74617274 
 859      00
 860              	.LASF4:
 861 0234 6C6F6E67 		.ascii	"long int\000"
 861      20696E74 
 861      00
 862              	.LASF14:
 863 023d 6C6F6E67 		.ascii	"long double\000"
ARM GAS  C:\Users\gopik\AppData\Local\Temp\ccoEJp0S.s 			page 20


 863      20646F75 
 863      626C6500 
 864              	.LASF0:
 865 0249 7369676E 		.ascii	"signed char\000"
 865      65642063 
 865      68617200 
 866              	.LASF23:
 867 0255 4E65636B 		.ascii	"NeckHandle_Start\000"
 867      48616E64 
 867      6C655F53 
 867      74617274 
 867      00
 868              	.LASF20:
 869 0266 43794465 		.ascii	"CyDelay\000"
 869      6C617900 
 870              		.ident	"GCC: (GNU Tools for ARM Embedded Processors) 5.4.1 20160609 (release) [ARM/embedded-5-bran
