--------------- Clean Started: 12/01/2017 23:24:44 Project: Design01, Configuration: ARM GCC 5.4-2016-q2-update Debug ---------------
Deleting file ".\CortexM3\ARM_GCC_541\Debug\main.o"
Deleting file ".\CortexM3\ARM_GCC_541\Debug\cyfitter_cfg.o"
Deleting file ".\CortexM3\ARM_GCC_541\Debug\cymetadata.o"
Deleting file ".\CortexM3\ARM_GCC_541\Debug\Right_Eyeball.o"
Deleting file ".\CortexM3\ARM_GCC_541\Debug\Right_Eyeball_PM.o"
Deleting file ".\CortexM3\ARM_GCC_541\Debug\Right_Eyeball_Pan.o"
Deleting file ".\CortexM3\ARM_GCC_541\Debug\Right_Eyeball_Tilt.o"
Deleting file ".\CortexM3\ARM_GCC_541\Debug\Clock_1.o"
Deleting file ".\CortexM3\ARM_GCC_541\Debug\Cm3Start.o"
Deleting file ".\CortexM3\ARM_GCC_541\Debug\CyBootAsmGnu.o"
Deleting file ".\CortexM3\ARM_GCC_541\Debug\CyDmac.o"
Deleting file ".\CortexM3\ARM_GCC_541\Debug\CyFlash.o"
Deleting file ".\CortexM3\ARM_GCC_541\Debug\CyLib.o"
Deleting file ".\CortexM3\ARM_GCC_541\Debug\cyPm.o"
Deleting file ".\CortexM3\ARM_GCC_541\Debug\CySpc.o"
Deleting file ".\CortexM3\ARM_GCC_541\Debug\cyutils.o"
Deleting file ".\CortexM3\ARM_GCC_541\Debug\Left_Eyeball.o"
Deleting file ".\CortexM3\ARM_GCC_541\Debug\Left_Eyeball_PM.o"
Deleting file ".\CortexM3\ARM_GCC_541\Debug\Left_Eyeball_Pan.o"
Deleting file ".\CortexM3\ARM_GCC_541\Debug\Left_Eyeball_Tilt.o"
Deleting file ".\CortexM3\ARM_GCC_541\Debug\Clock_2.o"
Deleting file ".\CortexM3\ARM_GCC_541\Debug\Right_Eyebrow.o"
Deleting file ".\CortexM3\ARM_GCC_541\Debug\Right_Eyebrow_PM.o"
Deleting file ".\CortexM3\ARM_GCC_541\Debug\Right_Eyebrow_Pan.o"
Deleting file ".\CortexM3\ARM_GCC_541\Debug\Right_Eyebrow_Tilt.o"
Deleting file ".\CortexM3\ARM_GCC_541\Debug\Clock_3.o"
Deleting file ".\CortexM3\ARM_GCC_541\Debug\Left_Eyebrow.o"
Deleting file ".\CortexM3\ARM_GCC_541\Debug\Left_Eyebrow_PM.o"
Deleting file ".\CortexM3\ARM_GCC_541\Debug\Clock_4.o"
Deleting file ".\CortexM3\ARM_GCC_541\Debug\Left_Eyebrow_Pan.o"
Deleting file ".\CortexM3\ARM_GCC_541\Debug\Left_Eyebrow_Tilt.o"
Deleting file ".\CortexM3\ARM_GCC_541\Debug\NeckHandle.o"
Deleting file ".\CortexM3\ARM_GCC_541\Debug\NeckHandle_PM.o"
Deleting file ".\CortexM3\ARM_GCC_541\Debug\Clock_5.o"
Deleting file ".\CortexM3\ARM_GCC_541\Debug\Upper_Lips.o"
Deleting file ".\CortexM3\ARM_GCC_541\Debug\Upper_Lips_PM.o"
Deleting file ".\CortexM3\ARM_GCC_541\Debug\Clock_6.o"
Deleting file ".\CortexM3\ARM_GCC_541\Debug\Clock_7.o"
Deleting file ".\CortexM3\ARM_GCC_541\Debug\Lower_Lips.o"
Deleting file ".\CortexM3\ARM_GCC_541\Debug\Lower_Lips_PM.o"
Deleting file ".\CortexM3\ARM_GCC_541\Debug\Clock_8.o"
Deleting file ".\CortexM3\ARM_GCC_541\Debug\Eye_Rod.o"
Deleting file ".\CortexM3\ARM_GCC_541\Debug\Eye_Rod_PM.o"
Deleting file ".\CortexM3\ARM_GCC_541\Debug\NeckHandle_Right.o"
Deleting file ".\CortexM3\ARM_GCC_541\Debug\NeckHandle_Left.o"
Deleting file ".\CortexM3\ARM_GCC_541\Debug\Upper_Lips_Left.o"
Deleting file ".\CortexM3\ARM_GCC_541\Debug\Upper_Lips_Right.o"
Deleting file ".\CortexM3\ARM_GCC_541\Debug\Lower_Lips_Left.o"
Deleting file ".\CortexM3\ARM_GCC_541\Debug\Lower_Lips_Right.o"
Deleting file ".\CortexM3\ARM_GCC_541\Debug\Eye_Rod_1.o"
Deleting file ".\CortexM3\ARM_GCC_541\Debug\Eye_Rod_2.o"
Deleting file ".\CortexM3\ARM_GCC_541\Debug\Design01.hex"
Deleting file ".\CortexM3\ARM_GCC_541\Debug\Design01.elf"
Deleting file ".\CortexM3\ARM_GCC_541\Debug\Design01.map"
Deleting file ".\Design01.cycdx"
Deleting file ".\Design01.svd"
Deleting file ".\Design01.rpt"
Deleting file ".\Design01_timing.html"
Deleting file ".\CortexM3\ARM_GCC_541\Debug\.deps\SOURCE_C__ARM_GCC_GENERIC.P"
Deleting file ".\CortexM3\ARM_GCC_541\Debug\.deps\SOURCE_ASM__ARM_GCC_GENERIC.P"
--------------- Clean Succeeded: 12/01/2017 23:24:45 ---------------
